#
# A fatal error has been detected by the Java Runtime Environment:
#
#  EXCEPTION_ACCESS_VIOLATION (0xc0000005) at pc=0x00000000028440e2, pid=5100, tid=3516
#
# JRE version: 6.0_24-b07
# Java VM: Java HotSpot(TM) 64-Bit Server VM (19.1-b02 mixed mode windows-amd64 compressed oops)
# Problematic frame:
# J  javax.media.j3d.GeometryAtom.getRenderAtom(Ljavax/media/j3d/View;)Ljavax/media/j3d/RenderAtom;
#
# If you would like to submit a bug report, please visit:
#   http://java.sun.com/webapps/bugreport/crash.jsp
#

---------------  T H R E A D  ---------------

Current thread (0x000000000f653800):  JavaThread "J3D-RenderStructureUpdateThread-6" [_thread_in_Java, id=3516, stack(0x000000000e190000,0x000000000e290000)]

siginfo: ExceptionCode=0xc0000005, writing address 0x000000079b72caa0

Registers:
RAX=0x0000000000000009, RBX=0x000000079b72caa0, RCX=0x000000079b72a578, RDX=0x000000079b72a578
RSP=0x000000000e28efb0, RBP=0x0000000000000001, RSI=0x0000000681dfa110, RDI=0x00000000d00ba751
R8=0x00000006805d3a88, R9=0x0000000000000001, R10=0x0000000000000001, R11=0x000000000e28f040
R12=0x0000000000000000, R13=0x0000000780342688, R14=0x0000000000000000, R15=0x000000000f653800
RIP=0x00000000028440e2, EFLAGS=0x0000000000010206

Register to memory mapping:

RAX=0x0000000000000009
0x0000000000000009 is pointing to unknown location

RBX=0x000000079b72caa0

[error occurred during error reporting (printing registers, top of stack, instructions near pc), id 0xe0000000]

Stack: [0x000000000e190000,0x000000000e290000],  sp=0x000000000e28efb0,  free space=1019k
Native frames: (J=compiled Java code, j=interpreted, Vv=VM code, C=native code)
J  javax.media.j3d.GeometryAtom.getRenderAtom(Ljavax/media/j3d/View;)Ljavax/media/j3d/RenderAtom;


---------------  P R O C E S S  ---------------

Java Threads: ( => current thread )
  0x00000000085a0800 JavaThread "J3D-SoundSchedulerUpdateThread-18" [_thread_blocked, id=1392, stack(0x00000000219e0000,0x0000000021ae0000)]
  0x00000000085a0000 JavaThread "J3D-RenderStructureUpdateThread-18" [_thread_blocked, id=3340, stack(0x00000000214a0000,0x00000000215a0000)]
  0x000000000859f000 JavaThread "J3D-BehaviorScheduler-18" [_thread_blocked, id=5080, stack(0x00000000213a0000,0x00000000214a0000)]
  0x000000000859e800 JavaThread "J3D-TransformStructureUpdateThread-18" [_thread_blocked, id=4784, stack(0x00000000212a0000,0x00000000213a0000)]
  0x000000000859d800 JavaThread "J3D-RenderingEnvironmentStructureUpdateThread-18" [_thread_blocked, id=5028, stack(0x00000000211a0000,0x00000000212a0000)]
  0x0000000010136800 JavaThread "J3D-SoundStructureUpdateThread-18" [_thread_blocked, id=4968, stack(0x00000000210a0000,0x00000000211a0000)]
  0x0000000010135800 JavaThread "J3D-GeometryStructureUpdateThread-18" [_thread_blocked, id=3768, stack(0x0000000020fa0000,0x00000000210a0000)]
  0x0000000010135000 JavaThread "J3D-BehaviorStructureUpdateThread-18" [_thread_blocked, id=1276, stack(0x0000000020ea0000,0x0000000020fa0000)]
  0x0000000010134800 JavaThread "J3D-SoundSchedulerUpdateThread-9" [_thread_blocked, id=4612, stack(0x000000001f370000,0x000000001f470000)]
  0x0000000010133800 JavaThread "J3D-RenderStructureUpdateThread-9" [_thread_blocked, id=3968, stack(0x000000001f270000,0x000000001f370000)]
  0x0000000010133000 JavaThread "J3D-BehaviorScheduler-9" [_thread_blocked, id=3236, stack(0x000000001f170000,0x000000001f270000)]
  0x0000000010132000 JavaThread "J3D-TransformStructureUpdateThread-9" [_thread_blocked, id=3704, stack(0x000000001f070000,0x000000001f170000)]
  0x0000000010131800 JavaThread "J3D-RenderingEnvironmentStructureUpdateThread-9" [_thread_blocked, id=3884, stack(0x000000001ef70000,0x000000001f070000)]
  0x0000000010130800 JavaThread "J3D-SoundStructureUpdateThread-9" [_thread_blocked, id=3920, stack(0x000000001ee70000,0x000000001ef70000)]
  0x0000000010130000 JavaThread "J3D-GeometryStructureUpdateThread-9" [_thread_blocked, id=4932, stack(0x000000001ed70000,0x000000001ee70000)]
  0x000000001012f000 JavaThread "J3D-BehaviorStructureUpdateThread-9" [_thread_blocked, id=3144, stack(0x000000001ec70000,0x000000001ed70000)]
  0x000000000f730000 JavaThread "J3D-SoundSchedulerUpdateThread-8" [_thread_blocked, id=2368, stack(0x000000001e640000,0x000000001e740000)]
  0x000000000f72f000 JavaThread "J3D-RenderStructureUpdateThread-8" [_thread_blocked, id=4856, stack(0x000000001e540000,0x000000001e640000)]
  0x000000000f72e800 JavaThread "J3D-BehaviorScheduler-8" [_thread_blocked, id=5108, stack(0x000000001e440000,0x000000001e540000)]
  0x000000000f72d800 JavaThread "J3D-TransformStructureUpdateThread-8" [_thread_blocked, id=4876, stack(0x000000001e340000,0x000000001e440000)]
  0x000000000f72d000 JavaThread "J3D-RenderingEnvironmentStructureUpdateThread-8" [_thread_blocked, id=2524, stack(0x000000001e240000,0x000000001e340000)]
  0x000000000f72c800 JavaThread "J3D-SoundStructureUpdateThread-8" [_thread_blocked, id=4028, stack(0x000000001e140000,0x000000001e240000)]
  0x000000000f72b800 JavaThread "J3D-GeometryStructureUpdateThread-8" [_thread_blocked, id=884, stack(0x000000001e040000,0x000000001e140000)]
  0x000000000f72b000 JavaThread "J3D-BehaviorStructureUpdateThread-8" [_thread_blocked, id=2056, stack(0x000000001df40000,0x000000001e040000)]
  0x000000000f72a000 JavaThread "J3D-SoundSchedulerUpdateThread-7" [_thread_blocked, id=2808, stack(0x000000001c9c0000,0x000000001cac0000)]
  0x000000000f729800 JavaThread "J3D-RenderStructureUpdateThread-7" [_thread_blocked, id=3888, stack(0x000000001c8c0000,0x000000001c9c0000)]
  0x000000000f728800 JavaThread "J3D-BehaviorScheduler-7" [_thread_blocked, id=3512, stack(0x000000001c7c0000,0x000000001c8c0000)]
  0x000000000f658000 JavaThread "J3D-TransformStructureUpdateThread-7" [_thread_blocked, id=2876, stack(0x000000001c6c0000,0x000000001c7c0000)]
  0x000000000f657000 JavaThread "J3D-RenderingEnvironmentStructureUpdateThread-7" [_thread_blocked, id=1992, stack(0x000000001c5c0000,0x000000001c6c0000)]
  0x000000000f656800 JavaThread "J3D-SoundStructureUpdateThread-7" [_thread_blocked, id=4264, stack(0x000000001c4c0000,0x000000001c5c0000)]
  0x000000000f655800 JavaThread "J3D-GeometryStructureUpdateThread-7" [_thread_blocked, id=1052, stack(0x000000001c3c0000,0x000000001c4c0000)]
  0x000000000f655000 JavaThread "J3D-BehaviorStructureUpdateThread-7" [_thread_blocked, id=2996, stack(0x000000001c2c0000,0x000000001c3c0000)]
  0x000000000f654800 JavaThread "J3D-SoundSchedulerUpdateThread-6" [_thread_blocked, id=1552, stack(0x0000000015b80000,0x0000000015c80000)]
=>0x000000000f653800 JavaThread "J3D-RenderStructureUpdateThread-6" [_thread_in_Java, id=3516, stack(0x000000000e190000,0x000000000e290000)]
  0x000000000f653000 JavaThread "J3D-BehaviorScheduler-6" [_thread_blocked, id=2072, stack(0x000000000e090000,0x000000000e190000)]
  0x000000000f652000 JavaThread "J3D-TransformStructureUpdateThread-6" [_thread_blocked, id=2888, stack(0x000000000df90000,0x000000000e090000)]
  0x000000000f651800 JavaThread "J3D-RenderingEnvironmentStructureUpdateThread-6" [_thread_blocked, id=4288, stack(0x000000000de90000,0x000000000df90000)]
  0x000000000f650800 JavaThread "J3D-SoundStructureUpdateThread-6" [_thread_blocked, id=4608, stack(0x000000000d340000,0x000000000d440000)]
  0x000000000776b800 JavaThread "J3D-GeometryStructureUpdateThread-6" [_thread_blocked, id=3532, stack(0x000000000d240000,0x000000000d340000)]
  0x000000000776b000 JavaThread "J3D-BehaviorStructureUpdateThread-6" [_thread_blocked, id=1628, stack(0x000000000c6d0000,0x000000000c7d0000)]
  0x000000000776a000 JavaThread "J3D-SoundSchedulerUpdateThread-5" [_thread_blocked, id=4672, stack(0x000000001af10000,0x000000001b010000)]
  0x0000000007769800 JavaThread "J3D-RenderStructureUpdateThread-5" [_thread_blocked, id=2384, stack(0x000000001ae10000,0x000000001af10000)]
  0x0000000007768800 JavaThread "J3D-BehaviorScheduler-5" [_thread_blocked, id=4972, stack(0x000000001ad10000,0x000000001ae10000)]
  0x0000000007768000 JavaThread "J3D-TransformStructureUpdateThread-5" [_thread_blocked, id=3712, stack(0x000000001ac10000,0x000000001ad10000)]
  0x0000000007767000 JavaThread "J3D-RenderingEnvironmentStructureUpdateThread-5" [_thread_blocked, id=4032, stack(0x000000001ab10000,0x000000001ac10000)]
  0x0000000007766800 JavaThread "J3D-SoundStructureUpdateThread-5" [_thread_blocked, id=4056, stack(0x000000001aa10000,0x000000001ab10000)]
  0x0000000007765800 JavaThread "J3D-GeometryStructureUpdateThread-5" [_thread_blocked, id=3384, stack(0x000000001a910000,0x000000001aa10000)]
  0x0000000007765000 JavaThread "J3D-BehaviorStructureUpdateThread-5" [_thread_blocked, id=5076, stack(0x000000001a810000,0x000000001a910000)]
  0x0000000007764800 JavaThread "J3D-SoundSchedulerUpdateThread-4" [_thread_blocked, id=4416, stack(0x0000000019290000,0x0000000019390000)]
  0x000000000869a800 JavaThread "J3D-RenderStructureUpdateThread-4" [_thread_blocked, id=2564, stack(0x0000000019190000,0x0000000019290000)]
  0x000000000869a000 JavaThread "J3D-BehaviorScheduler-4" [_thread_blocked, id=2060, stack(0x0000000019090000,0x0000000019190000)]
  0x0000000008699000 JavaThread "J3D-TransformStructureUpdateThread-4" [_thread_blocked, id=4900, stack(0x0000000018f90000,0x0000000019090000)]
  0x0000000008698800 JavaThread "J3D-RenderingEnvironmentStructureUpdateThread-4" [_thread_blocked, id=2572, stack(0x0000000018e90000,0x0000000018f90000)]
  0x0000000008697800 JavaThread "J3D-SoundStructureUpdateThread-4" [_thread_blocked, id=2120, stack(0x0000000018d90000,0x0000000018e90000)]
  0x0000000008697000 JavaThread "J3D-GeometryStructureUpdateThread-4" [_thread_blocked, id=4496, stack(0x0000000018c90000,0x0000000018d90000)]
  0x0000000008696000 JavaThread "J3D-BehaviorStructureUpdateThread-4" [_thread_blocked, id=872, stack(0x0000000018b90000,0x0000000018c90000)]
  0x0000000008695800 JavaThread "J3D-SoundSchedulerUpdateThread-3" [_thread_blocked, id=1400, stack(0x0000000015a80000,0x0000000015b80000)]
  0x0000000008695000 JavaThread "J3D-RenderStructureUpdateThread-3" [_thread_blocked, id=2864, stack(0x0000000015980000,0x0000000015a80000)]
  0x0000000008694000 JavaThread "J3D-BehaviorScheduler-3" [_thread_blocked, id=4268, stack(0x0000000015880000,0x0000000015980000)]
  0x0000000008693800 JavaThread "J3D-TransformStructureUpdateThread-3" [_thread_blocked, id=3896, stack(0x0000000015780000,0x0000000015880000)]
  0x0000000007795800 JavaThread "J3D-RenderingEnvironmentStructureUpdateThread-3" [_thread_blocked, id=1368, stack(0x0000000015680000,0x0000000015780000)]
  0x0000000007795000 JavaThread "J3D-SoundStructureUpdateThread-3" [_thread_blocked, id=4852, stack(0x0000000015580000,0x0000000015680000)]
  0x0000000007794000 JavaThread "J3D-GeometryStructureUpdateThread-3" [_thread_blocked, id=4324, stack(0x00000000137a0000,0x00000000138a0000)]
  0x0000000007793800 JavaThread "J3D-BehaviorStructureUpdateThread-3" [_thread_blocked, id=5016, stack(0x000000000bce0000,0x000000000bde0000)]
  0x0000000007793000 JavaThread "J3D-SoundSchedulerUpdateThread-2" [_thread_blocked, id=2720, stack(0x0000000016eb0000,0x0000000016fb0000)]
  0x0000000013350000 JavaThread "J3D-RenderStructureUpdateThread-2" [_thread_blocked, id=4664, stack(0x0000000016db0000,0x0000000016eb0000)]
  0x000000001334f000 JavaThread "J3D-BehaviorScheduler-2" [_thread_blocked, id=3708, stack(0x0000000016cb0000,0x0000000016db0000)]
  0x000000001334e800 JavaThread "J3D-TransformStructureUpdateThread-2" [_thread_blocked, id=1476, stack(0x0000000016bb0000,0x0000000016cb0000)]
  0x000000001334d800 JavaThread "J3D-RenderingEnvironmentStructureUpdateThread-2" [_thread_blocked, id=3368, stack(0x0000000016ab0000,0x0000000016bb0000)]
  0x000000001334d000 JavaThread "J3D-SoundStructureUpdateThread-2" [_thread_blocked, id=4808, stack(0x00000000169b0000,0x0000000016ab0000)]
  0x000000001334c000 JavaThread "J3D-GeometryStructureUpdateThread-2" [_thread_blocked, id=4472, stack(0x00000000168b0000,0x00000000169b0000)]
  0x000000001334b800 JavaThread "J3D-BehaviorStructureUpdateThread-2" [_thread_blocked, id=4308, stack(0x00000000167b0000,0x00000000168b0000)]
  0x000000001334b000 JavaThread "J3D-InputDeviceScheduler-1" [_thread_blocked, id=3524, stack(0x00000000165a0000,0x00000000166a0000)]
  0x000000001334a000 JavaThread "J3D-SoundSchedulerUpdateThread-1" [_thread_blocked, id=2568, stack(0x00000000164a0000,0x00000000165a0000)]
  0x0000000013349800 JavaThread "J3D-RenderStructureUpdateThread-1" [_thread_blocked, id=4396, stack(0x00000000163a0000,0x00000000164a0000)]
  0x0000000013348800 JavaThread "J3D-BehaviorScheduler-1" [_thread_blocked, id=3440, stack(0x00000000162a0000,0x00000000163a0000)]
  0x000000000eaea800 JavaThread "J3D-TransformStructureUpdateThread-1" [_thread_blocked, id=3792, stack(0x00000000161a0000,0x00000000162a0000)]
  0x000000000eae9800 JavaThread "J3D-RenderingEnvironmentStructureUpdateThread-1" [_thread_blocked, id=664, stack(0x0000000014c50000,0x0000000014d50000)]
  0x000000000eae9000 JavaThread "J3D-SoundStructureUpdateThread-1" [_thread_blocked, id=3808, stack(0x0000000014b50000,0x0000000014c50000)]
  0x000000000eae8000 JavaThread "J3D-GeometryStructureUpdateThread-1" [_thread_blocked, id=3672, stack(0x0000000013a90000,0x0000000013b90000)]
  0x000000000eae7800 JavaThread "J3D-BehaviorStructureUpdateThread-1" [_thread_blocked, id=3472, stack(0x0000000013990000,0x0000000013a90000)]
  0x000000000eae6800 JavaThread "Thread-7" daemon [_thread_in_native, id=4824, stack(0x000000000d740000,0x000000000d840000)]
  0x000000000eae6000 JavaThread "J3D-Renderer-1" [_thread_in_native, id=4092, stack(0x0000000014010000,0x0000000014110000)]
  0x000000000eae5800 JavaThread "J3D-MasterControl-1" [_thread_blocked, id=3908, stack(0x0000000013f10000,0x0000000014010000)]
  0x000000000eae4800 JavaThread "J3D-NotificationThread" [_thread_blocked, id=3740, stack(0x0000000013e10000,0x0000000013f10000)]
  0x000000000eae4000 JavaThread "J3D-TimerThread" [_thread_blocked, id=4400, stack(0x0000000013d10000,0x0000000013e10000)]
  0x000000000eae3000 JavaThread "J3D-RenderingAttributesStructureUpdateThread" [_thread_blocked, id=4848, stack(0x0000000013c10000,0x0000000013d10000)]
  0x0000000008397000 JavaThread "Swing-Shell" daemon [_thread_blocked, id=3756, stack(0x000000000e390000,0x000000000e490000)]
  0x0000000008567000 JavaThread "D3D Screen Updater" daemon [_thread_blocked, id=4576, stack(0x000000000c540000,0x000000000c640000)]
  0x0000000008621000 JavaThread "MySQL Statement Cancellation Timer" daemon [_thread_blocked, id=4248, stack(0x000000000c1e0000,0x000000000c2e0000)]
  0x0000000008236000 JavaThread "TimerQueue" daemon [_thread_blocked, id=4452, stack(0x000000000c0e0000,0x000000000c1e0000)]
  0x000000000039e000 JavaThread "DestroyJavaVM" [_thread_blocked, id=2448, stack(0x0000000002490000,0x0000000002590000)]
  0x000000000803c800 JavaThread "AWT-EventQueue-0" [_thread_blocked, id=316, stack(0x00000000091c0000,0x00000000092c0000)]
  0x000000000803c000 JavaThread "AWT-Windows" daemon [_thread_in_native, id=3936, stack(0x00000000090c0000,0x00000000091c0000)]
  0x00000000083e2800 JavaThread "AWT-Shutdown" [_thread_blocked, id=4360, stack(0x0000000008fc0000,0x00000000090c0000)]
  0x00000000083e2000 JavaThread "Java2D Disposer" daemon [_thread_blocked, id=4828, stack(0x0000000008ec0000,0x0000000008fc0000)]
  0x0000000007734800 JavaThread "Low Memory Detector" daemon [_thread_blocked, id=3192, stack(0x0000000007cd0000,0x0000000007dd0000)]
  0x0000000007734000 JavaThread "CompilerThread1" daemon [_thread_blocked, id=1688, stack(0x0000000007bd0000,0x0000000007cd0000)]
  0x000000000772f000 JavaThread "CompilerThread0" daemon [_thread_blocked, id=2352, stack(0x0000000007ad0000,0x0000000007bd0000)]
  0x000000000772b800 JavaThread "Attach Listener" daemon [_thread_blocked, id=3656, stack(0x00000000079d0000,0x0000000007ad0000)]
  0x0000000007726800 JavaThread "Signal Dispatcher" daemon [_thread_blocked, id=3248, stack(0x00000000078d0000,0x00000000079d0000)]
  0x000000000052d800 JavaThread "Finalizer" daemon [_thread_blocked, id=948, stack(0x00000000075d0000,0x00000000076d0000)]
  0x000000000052c000 JavaThread "Reference Handler" daemon [_thread_blocked, id=4340, stack(0x00000000074d0000,0x00000000075d0000)]

Other Threads:
  0x0000000000526000 VMThread [stack: 0x00000000073d0000,0x00000000074d0000] [id=3336]
  0x0000000007747800 WatcherThread [stack: 0x0000000007dd0000,0x0000000007ed0000] [id=2272]

VM state:not at safepoint (normal execution)

VM Mutex/Monitor currently owned by a thread: None

Heap
 PSYoungGen      total 399168K, used 93015K [0x0000000780000000, 0x000000079f650000, 0x0000000800000000)
  eden space 328576K, 6% used [0x0000000780000000,0x00000007815eb460,0x00000007940e0000)
  from space 70592K, 99% used [0x000000079b160000,0x000000079f64a9d0,0x000000079f650000)
  to   space 83072K, 0% used [0x0000000795410000,0x0000000795410000,0x000000079a530000)
 PSOldGen        total 157312K, used 88463K [0x0000000680000000, 0x00000006899a0000, 0x0000000780000000)
  object space 157312K, 56% used [0x0000000680000000,0x0000000685663ef8,0x00000006899a0000)
 PSPermGen       total 59136K, used 29411K [0x000000067ae00000, 0x000000067e7c0000, 0x0000000680000000)
  object space 59136K, 49% used [0x000000067ae00000,0x000000067cab8fd0,0x000000067e7c0000)

Dynamic libraries:
0x0000000000400000 - 0x000000000042e000 	C:\Program Files\Java\jdk1.6.0_24\bin\java.exe
0x0000000077530000 - 0x00000000776d9000 	C:\Windows\SYSTEM32\ntdll.dll
0x00000000772b0000 - 0x00000000773cf000 	C:\Windows\system32\kernel32.dll
0x000007fefdcb0000 - 0x000007fefdd1c000 	C:\Windows\system32\KERNELBASE.dll
0x000007fefebc0000 - 0x000007fefec9b000 	C:\Windows\system32\ADVAPI32.dll
0x000007feff600000 - 0x000007feff69f000 	C:\Windows\system32\msvcrt.dll
0x000007feff5e0000 - 0x000007feff5ff000 	C:\Windows\SYSTEM32\sechost.dll
0x000007feff170000 - 0x000007feff29d000 	C:\Windows\system32\RPCRT4.dll
0x000000006d890000 - 0x000000006df94000 	C:\Program Files\Java\jdk1.6.0_24\jre\bin\server\jvm.dll
0x00000000771b0000 - 0x00000000772aa000 	C:\Windows\system32\USER32.dll
0x000007feff560000 - 0x000007feff5c7000 	C:\Windows\system32\GDI32.dll
0x000007fefeca0000 - 0x000007fefecae000 	C:\Windows\system32\LPK.dll
0x000007fefdd60000 - 0x000007fefde29000 	C:\Windows\system32\USP10.dll
0x000007fefaeb0000 - 0x000007fefaeeb000 	C:\Windows\system32\WINMM.dll
0x000007feff140000 - 0x000007feff16e000 	C:\Windows\system32\IMM32.DLL
0x000007feff450000 - 0x000007feff559000 	C:\Windows\system32\MSCTF.dll
0x000000006d800000 - 0x000000006d80e000 	C:\Program Files\Java\jdk1.6.0_24\jre\bin\verify.dll
0x000000006d450000 - 0x000000006d477000 	C:\Program Files\Java\jdk1.6.0_24\jre\bin\java.dll
0x000000006d3b0000 - 0x000000006d3ba000 	C:\Program Files\Java\jdk1.6.0_24\jre\bin\hpi.dll
0x00000000776f0000 - 0x00000000776f7000 	C:\Windows\system32\PSAPI.DLL
0x000000006d850000 - 0x000000006d862000 	C:\Program Files\Java\jdk1.6.0_24\jre\bin\zip.dll
0x000000006d0a0000 - 0x000000006d263000 	C:\Program Files\Java\jdk1.6.0_24\jre\bin\awt.dll
0x000007fefa400000 - 0x000007fefa471000 	C:\Windows\system32\WINSPOOL.DRV
0x000007fefef30000 - 0x000007feff133000 	C:\Windows\system32\ole32.dll
0x000007fefde30000 - 0x000007fefebb8000 	C:\Windows\system32\SHELL32.dll
0x000007feff6a0000 - 0x000007feff711000 	C:\Windows\system32\SHLWAPI.dll
0x000007fefc5e0000 - 0x000007fefc7d4000 	C:\Windows\WinSxS\amd64_microsoft.windows.common-controls_6595b64144ccf1df_6.0.7601.17514_none_fa396087175ac9ac\COMCTL32.dll
0x000007fefbf10000 - 0x000007fefbf28000 	C:\Windows\system32\DWMAPI.DLL
0x000007fefc400000 - 0x000007fefc456000 	C:\Windows\system32\uxtheme.dll
0x000007fefd880000 - 0x000007fefd88f000 	C:\Windows\system32\CRYPTBASE.dll
0x000000006d340000 - 0x000000006d3a6000 	C:\Program Files\Java\jdk1.6.0_24\jre\bin\fontmanager.dll
0x000007fef1780000 - 0x000007fef197f000 	C:\Windows\system32\d3d9.dll
0x000007fefcad0000 - 0x000007fefcadc000 	C:\Windows\system32\VERSION.dll
0x000007fefa780000 - 0x000007fefa787000 	C:\Windows\system32\d3d8thk.dll
0x000007feef860000 - 0x000007fef04b3000 	C:\Windows\system32\nvd3dumx.dll
0x000007fefbd50000 - 0x000007fefbd7c000 	C:\Windows\system32\powrprof.dll
0x000007fefecb0000 - 0x000007fefee87000 	C:\Windows\system32\SETUPAPI.dll
0x000007fefdd20000 - 0x000007fefdd56000 	C:\Windows\system32\CFGMGR32.dll
0x000007feff370000 - 0x000007feff447000 	C:\Windows\system32\OLEAUT32.dll
0x000007fefdbf0000 - 0x000007fefdc0a000 	C:\Windows\system32\DEVOBJ.dll
0x000000006d6a0000 - 0x000000006d6b7000 	C:\Program Files\Java\jdk1.6.0_24\jre\bin\net.dll
0x000007feff2c0000 - 0x000007feff30d000 	C:\Windows\system32\WS2_32.dll
0x000007feff5d0000 - 0x000007feff5d8000 	C:\Windows\system32\NSI.dll
0x000007fefd1c0000 - 0x000007fefd215000 	C:\Windows\system32\mswsock.dll
0x000007fefd1b0000 - 0x000007fefd1b7000 	C:\Windows\System32\wship6.dll
0x000000006d6c0000 - 0x000000006d6cb000 	C:\Program Files\Java\jdk1.6.0_24\jre\bin\nio.dll
0x000007fefcba0000 - 0x000007fefcba7000 	C:\Windows\System32\wshtcpip.dll
0x000007fefd040000 - 0x000007fefd09b000 	C:\Windows\system32\DNSAPI.dll
0x000007fefa9d0000 - 0x000007fefa9f7000 	C:\Windows\system32\IPHLPAPI.DLL
0x000007fefa9b0000 - 0x000007fefa9bb000 	C:\Windows\system32\WINNSI.DLL
0x000007fef9360000 - 0x000007fef9368000 	C:\Windows\system32\rasadhlp.dll
0x000007fefa480000 - 0x000007fefa4d3000 	C:\Windows\System32\fwpuclnt.dll
0x000000006d2b0000 - 0x000000006d2d8000 	C:\Program Files\Java\jdk1.6.0_24\jre\bin\dcpr.dll
0x000007feff7a0000 - 0x000007feff839000 	C:\Windows\system32\CLBCatQ.DLL
0x000007fefc460000 - 0x000007fefc58c000 	C:\Windows\system32\propsys.dll
0x000007fefbd10000 - 0x000007fefbd3d000 	C:\Windows\system32\ntmarta.dll
0x000007feff310000 - 0x000007feff362000 	C:\Windows\system32\WLDAP32.dll
0x000007fefd820000 - 0x000007fefd877000 	C:\Windows\system32\apphelp.dll
0x000007fef6380000 - 0x000007fef651c000 	C:\Windows\system32\NetworkExplorer.dll
0x000007fef66c0000 - 0x000007fef66f4000 	C:\Windows\System32\shdocvw.dll
0x000007fefd990000 - 0x000007fefd99f000 	C:\Windows\system32\profapi.dll
0x000007fefb060000 - 0x000007fefb06b000 	C:\Windows\system32\slc.dll
0x000007fef8fe0000 - 0x000007fef8ff8000 	C:\Windows\system32\MPR.dll
0x000007fefbc20000 - 0x000007fefbc2a000 	C:\Windows\System32\drprov.dll
0x000007fefd930000 - 0x000007fefd96d000 	C:\Windows\System32\WINSTA.dll
0x000007fef6aa0000 - 0x000007fef6ac2000 	C:\Windows\System32\ntlanman.dll
0x000007fef71f0000 - 0x000007fef720c000 	C:\Windows\System32\davclnt.dll
0x000007fefa720000 - 0x000007fefa72a000 	C:\Windows\System32\DAVHLPR.dll
0x000007fefaca0000 - 0x000007fefacb5000 	C:\Windows\system32\wkscli.dll
0x000007fef9290000 - 0x000007fef929f000 	C:\Windows\system32\cscapi.dll
0x000007fefacc0000 - 0x000007fefaccc000 	C:\Windows\system32\netutils.dll
0x000007fef0c90000 - 0x000007fef0f01000 	C:\Windows\system32\wpdshext.dll
0x000007fefc1e0000 - 0x000007fefc3f5000 	C:\Windows\WinSxS\amd64_microsoft.windows.gdiplus_6595b64144ccf1df_1.1.7601.17514_none_2b24536c71ed437a\gdiplus.dll
0x000007fef6e50000 - 0x000007fef6f0d000 	C:\Windows\system32\PortableDeviceApi.dll
0x000007fefdbb0000 - 0x000007fefdbea000 	C:\Windows\system32\WINTRUST.dll
0x000007fefda40000 - 0x000007fefdba7000 	C:\Windows\system32\CRYPT32.dll
0x000007fefda30000 - 0x000007fefda3f000 	C:\Windows\system32\MSASN1.dll
0x000007fef7700000 - 0x000007fef7735000 	C:\Windows\system32\EhStorShell.dll
0x000007fefa8f0000 - 0x000007fefa917000 	C:\Windows\system32\EhStorAPI.dll
0x000007fefa1b0000 - 0x000007fefa287000 	C:\Windows\system32\SearchFolder.dll
0x000007fef66b0000 - 0x000007fef66bc000 	C:\Windows\system32\LINKINFO.dll
0x000000006d490000 - 0x000000006d497000 	C:\Program Files\Java\jdk1.6.0_24\jre\bin\jawt.dll
0x0000000008dd0000 - 0x0000000008e0e000 	C:\Users\fovea\Desktop\Abdelheq\VRMinerVisualAssistant\j3dcore-ogl.dll
0x000007fef1660000 - 0x000007fef177d000 	C:\Windows\system32\OPENGL32.dll
0x000007fef7150000 - 0x000007fef717d000 	C:\Windows\system32\GLU32.dll
0x000007fef23f0000 - 0x000007fef24e1000 	C:\Windows\system32\DDRAW.dll
0x000007fefa8e0000 - 0x000007fefa8e8000 	C:\Windows\system32\DCIMAN32.dll
0x0000000069500000 - 0x000000006a8b4000 	C:\Windows\system32\nvoglv64.DLL
0x000007fefd220000 - 0x000007fefd237000 	C:\Windows\system32\CRYPTSP.dll
0x000007fefcf20000 - 0x000007fefcf67000 	C:\Windows\system32\rsaenh.dll
0x000007fefcce0000 - 0x000007fefccfe000 	C:\Windows\system32\USERENV.dll
0x000007fefbc70000 - 0x000007fefbc85000 	C:\Windows\system32\NLAapi.dll
0x000007fef6c60000 - 0x000007fef6c75000 	C:\Windows\system32\napinsp.dll
0x000007fef6c40000 - 0x000007fef6c59000 	C:\Windows\system32\pnrpnsp.dll
0x000007fef6b20000 - 0x000007fef6b30000 	C:\Windows\system32\wshbth.dll
0x000007fef6b10000 - 0x000007fef6b1b000 	C:\Windows\System32\winrnr.dll
0x0000000180000000 - 0x0000000180016000 	C:\Users\fovea\Desktop\Abdelheq\VRMinerVisualAssistant\jinput-dx8_64.dll
0x000007fef37d0000 - 0x000007fef380c000 	C:\Windows\system32\DINPUT8.dll
0x000007fefbf30000 - 0x000007fefbf3b000 	C:\Windows\system32\HID.DLL
0x000000000be90000 - 0x000000000bea4000 	C:\Users\fovea\Desktop\Abdelheq\VRMinerVisualAssistant\jinput-raw_64.dll

VM Arguments:
jvm_args: -Dfile.encoding=windows-1252 -Xmx6144m 
java_command: VisualAssistantFDM.ui.MainInterface
Launcher Type: SUN_STANDARD

Environment Variables:
PATH=C:\Windows\system32;C:\Windows;C:\Windows\System32\Wbem;C:\Windows\System32\WindowsPowerShell\v1.0\;C:\OpenCV2.1\bin;C:\Program Files (x86)\Microsoft SQL Server\90\Tools\binn\
USERNAME=fovea
OS=Windows_NT
PROCESSOR_IDENTIFIER=Intel64 Family 6 Model 23 Stepping 10, GenuineIntel



---------------  S Y S T E M  ---------------

OS: Windows 7 Build 7601 Service Pack 1

CPU:total 4 (4 cores per cpu, 1 threads per core) family 6 model 23 stepping 10, cmov, cx8, fxsr, mmx, sse, sse2, sse3, ssse3, sse4.1

Memory: 4k page, physical 8386200k(5621128k free), swap 16770552k(12800956k free)

vm_info: Java HotSpot(TM) 64-Bit Server VM (19.1-b02) for windows-amd64 JRE (1.6.0_24-b07), built on Feb  2 2011 16:25:45 by "java_re" with MS VC++ 8.0 (VS2005)

time: Tue Sep 06 18:00:39 2011
elapsed time: 54 seconds

