#
# A fatal error has been detected by the Java Runtime Environment:
#
#  EXCEPTION_ACCESS_VIOLATION (0xc0000005) at pc=0x000000000278a8a2, pid=3052, tid=3248
#
# JRE version: 6.0_24-b07
# Java VM: Java HotSpot(TM) 64-Bit Server VM (19.1-b02 mixed mode windows-amd64 compressed oops)
# Problematic frame:
# J  javax.media.j3d.GeometryAtom.getRenderAtom(Ljavax/media/j3d/View;)Ljavax/media/j3d/RenderAtom;
#
# If you would like to submit a bug report, please visit:
#   http://java.sun.com/webapps/bugreport/crash.jsp
#

---------------  T H R E A D  ---------------

Current thread (0x000000000770d000):  JavaThread "J3D-RenderStructureUpdateThread-10" [_thread_in_Java, id=3248, stack(0x0000000023060000,0x0000000023160000)]

siginfo: ExceptionCode=0xc0000005, writing address 0x000000078ce206a8

Registers:
RAX=0x0000000000000009, RBX=0x00000000f19c3f30, RCX=0x0000000000000000, RDX=0x000000078ce1f930
RSP=0x000000002315ee80, RBP=0x00000000f19c3f2d, RSI=0x000000078ce206a8, RDI=0x000000078ce1f930
R8=0x000000078ce826b8, R9=0x000000078ce1f968, R10=0x0000000000000001, R11=0x000000002315ef00
R12=0x0000000000000000, R13=0x0000000000000000, R14=0x000000002315f498, R15=0x000000000770d000
RIP=0x000000000278a8a2, EFLAGS=0x0000000000010206

Register to memory mapping:

RAX=0x0000000000000009
0x0000000000000009 is pointing to unknown location

RBX=0x00000000f19c3f30
0x00000000f19c3f30 is pointing to unknown location

RCX=0x0000000000000000
0x0000000000000000 is pointing to unknown location

RDX=0x000000078ce1f930

[error occurred during error reporting (printing registers, top of stack, instructions near pc), id 0xe0000000]

Stack: [0x0000000023060000,0x0000000023160000],  sp=0x000000002315ee80,  free space=1019k
Native frames: (J=compiled Java code, j=interpreted, Vv=VM code, C=native code)
J  javax.media.j3d.GeometryAtom.getRenderAtom(Ljavax/media/j3d/View;)Ljavax/media/j3d/RenderAtom;


---------------  P R O C E S S  ---------------

Java Threads: ( => current thread )
  0x000000000770d800 JavaThread "J3D-SoundSchedulerUpdateThread-10" [_thread_blocked, id=4972, stack(0x0000000023160000,0x0000000023260000)]
=>0x000000000770d000 JavaThread "J3D-RenderStructureUpdateThread-10" [_thread_in_Java, id=3248, stack(0x0000000023060000,0x0000000023160000)]
  0x000000000770c000 JavaThread "J3D-BehaviorScheduler-10" [_thread_blocked, id=4984, stack(0x0000000022f60000,0x0000000023060000)]
  0x000000000770b800 JavaThread "J3D-TransformStructureUpdateThread-10" [_thread_blocked, id=4504, stack(0x0000000022e60000,0x0000000022f60000)]
  0x000000000770a800 JavaThread "J3D-RenderingEnvironmentStructureUpdateThread-10" [_thread_blocked, id=5004, stack(0x0000000022d60000,0x0000000022e60000)]
  0x000000000770a000 JavaThread "J3D-SoundStructureUpdateThread-10" [_thread_blocked, id=4644, stack(0x0000000022c60000,0x0000000022d60000)]
  0x0000000007709000 JavaThread "J3D-GeometryStructureUpdateThread-10" [_thread_blocked, id=3064, stack(0x0000000022b60000,0x0000000022c60000)]
  0x000000000837d000 JavaThread "J3D-BehaviorStructureUpdateThread-10" [_thread_blocked, id=3836, stack(0x0000000016740000,0x0000000016840000)]
  0x0000000007708800 JavaThread "J3D-SoundSchedulerUpdateThread-9" [_thread_blocked, id=1316, stack(0x0000000020570000,0x0000000020670000)]
  0x0000000007707800 JavaThread "J3D-RenderStructureUpdateThread-9" [_thread_blocked, id=2564, stack(0x0000000020470000,0x0000000020570000)]
  0x0000000007707000 JavaThread "J3D-BehaviorScheduler-9" [_thread_blocked, id=3696, stack(0x0000000020370000,0x0000000020470000)]
  0x0000000007706800 JavaThread "J3D-TransformStructureUpdateThread-9" [_thread_blocked, id=188, stack(0x0000000020270000,0x0000000020370000)]
  0x0000000011c5b000 JavaThread "J3D-RenderingEnvironmentStructureUpdateThread-9" [_thread_blocked, id=3372, stack(0x0000000020170000,0x0000000020270000)]
  0x0000000011c5a800 JavaThread "J3D-SoundStructureUpdateThread-9" [_thread_blocked, id=4236, stack(0x0000000020070000,0x0000000020170000)]
  0x0000000011c59800 JavaThread "J3D-GeometryStructureUpdateThread-9" [_thread_blocked, id=3956, stack(0x000000001ff70000,0x0000000020070000)]
  0x0000000011c59000 JavaThread "J3D-BehaviorStructureUpdateThread-9" [_thread_blocked, id=3976, stack(0x000000001fe70000,0x000000001ff70000)]
  0x0000000011c58000 JavaThread "J3D-SoundSchedulerUpdateThread-8" [_thread_blocked, id=260, stack(0x000000001f8c0000,0x000000001f9c0000)]
  0x0000000011c57800 JavaThread "J3D-RenderStructureUpdateThread-8" [_thread_blocked, id=3908, stack(0x000000001f7c0000,0x000000001f8c0000)]
  0x0000000011c56800 JavaThread "J3D-BehaviorScheduler-8" [_thread_blocked, id=2508, stack(0x000000001f6c0000,0x000000001f7c0000)]
  0x0000000011c56000 JavaThread "J3D-TransformStructureUpdateThread-8" [_thread_blocked, id=4956, stack(0x000000001f5c0000,0x000000001f6c0000)]
  0x0000000011c55800 JavaThread "J3D-RenderingEnvironmentStructureUpdateThread-8" [_thread_blocked, id=4568, stack(0x000000001f4c0000,0x000000001f5c0000)]
  0x0000000011c54800 JavaThread "J3D-SoundStructureUpdateThread-8" [_thread_blocked, id=4496, stack(0x000000001f3c0000,0x000000001f4c0000)]
  0x0000000011c54000 JavaThread "J3D-GeometryStructureUpdateThread-8" [_thread_blocked, id=4588, stack(0x000000001f2c0000,0x000000001f3c0000)]
  0x000000000e91b800 JavaThread "J3D-BehaviorStructureUpdateThread-8" [_thread_blocked, id=4116, stack(0x000000001f1c0000,0x000000001f2c0000)]
  0x000000000e91b000 JavaThread "J3D-SoundSchedulerUpdateThread-7" [_thread_blocked, id=4900, stack(0x000000001dc40000,0x000000001dd40000)]
  0x000000000e91a000 JavaThread "J3D-RenderStructureUpdateThread-7" [_thread_blocked, id=4744, stack(0x000000001db40000,0x000000001dc40000)]
  0x000000000e919800 JavaThread "J3D-BehaviorScheduler-7" [_thread_blocked, id=3364, stack(0x000000001da40000,0x000000001db40000)]
  0x000000000e918800 JavaThread "J3D-TransformStructureUpdateThread-7" [_thread_blocked, id=4488, stack(0x000000001d940000,0x000000001da40000)]
  0x000000000e918000 JavaThread "J3D-RenderingEnvironmentStructureUpdateThread-7" [_thread_blocked, id=2692, stack(0x000000001d840000,0x000000001d940000)]
  0x000000000e917800 JavaThread "J3D-SoundStructureUpdateThread-7" [_thread_blocked, id=3764, stack(0x000000001d740000,0x000000001d840000)]
  0x000000000e916800 JavaThread "J3D-GeometryStructureUpdateThread-7" [_thread_blocked, id=2180, stack(0x000000001d640000,0x000000001d740000)]
  0x000000000e916000 JavaThread "J3D-BehaviorStructureUpdateThread-7" [_thread_blocked, id=3632, stack(0x000000001d540000,0x000000001d640000)]
  0x000000000e915000 JavaThread "J3D-SoundSchedulerUpdateThread-6" [_thread_blocked, id=5112, stack(0x0000000016840000,0x0000000016940000)]
  0x000000000e914800 JavaThread "J3D-RenderStructureUpdateThread-6" [_thread_blocked, id=4648, stack(0x000000000e0a0000,0x000000000e1a0000)]
  0x0000000013572000 JavaThread "J3D-BehaviorScheduler-6" [_thread_blocked, id=2468, stack(0x000000000dfa0000,0x000000000e0a0000)]
  0x0000000013571800 JavaThread "J3D-TransformStructureUpdateThread-6" [_thread_blocked, id=3628, stack(0x000000000dea0000,0x000000000dfa0000)]
  0x0000000013571000 JavaThread "J3D-RenderingEnvironmentStructureUpdateThread-6" [_thread_blocked, id=208, stack(0x000000000dda0000,0x000000000dea0000)]
  0x0000000013570000 JavaThread "J3D-SoundStructureUpdateThread-6" [_thread_blocked, id=3964, stack(0x000000000d260000,0x000000000d360000)]
  0x000000001356f800 JavaThread "J3D-GeometryStructureUpdateThread-6" [_thread_blocked, id=4804, stack(0x000000000d160000,0x000000000d260000)]
  0x000000001356e800 JavaThread "J3D-BehaviorStructureUpdateThread-6" [_thread_blocked, id=3668, stack(0x000000000d060000,0x000000000d160000)]
  0x000000001356e000 JavaThread "J3D-SoundSchedulerUpdateThread-5" [_thread_blocked, id=3820, stack(0x000000001b840000,0x000000001b940000)]
  0x000000001356d000 JavaThread "J3D-RenderStructureUpdateThread-5" [_thread_blocked, id=3140, stack(0x000000001b740000,0x000000001b840000)]
  0x000000001356c800 JavaThread "J3D-BehaviorScheduler-5" [_thread_blocked, id=4232, stack(0x000000001b640000,0x000000001b740000)]
  0x000000001356b800 JavaThread "J3D-TransformStructureUpdateThread-5" [_thread_blocked, id=4440, stack(0x000000001b540000,0x000000001b640000)]
  0x000000001356b000 JavaThread "J3D-RenderingEnvironmentStructureUpdateThread-5" [_thread_blocked, id=3784, stack(0x000000001b440000,0x000000001b540000)]
  0x000000000883c000 JavaThread "J3D-SoundStructureUpdateThread-5" [_thread_blocked, id=3608, stack(0x000000001b340000,0x000000001b440000)]
  0x000000000883b800 JavaThread "J3D-GeometryStructureUpdateThread-5" [_thread_blocked, id=4520, stack(0x000000001b240000,0x000000001b340000)]
  0x000000000883a800 JavaThread "J3D-BehaviorStructureUpdateThread-5" [_thread_blocked, id=4392, stack(0x000000001b140000,0x000000001b240000)]
  0x000000000883a000 JavaThread "J3D-SoundSchedulerUpdateThread-4" [_thread_blocked, id=4320, stack(0x000000001a390000,0x000000001a490000)]
  0x0000000008839000 JavaThread "J3D-RenderStructureUpdateThread-4" [_thread_blocked, id=3592, stack(0x000000001a290000,0x000000001a390000)]
  0x0000000008838800 JavaThread "J3D-BehaviorScheduler-4" [_thread_blocked, id=3936, stack(0x000000001a190000,0x000000001a290000)]
  0x0000000008838000 JavaThread "J3D-TransformStructureUpdateThread-4" [_thread_blocked, id=5080, stack(0x000000001a090000,0x000000001a190000)]
  0x0000000008837000 JavaThread "J3D-RenderingEnvironmentStructureUpdateThread-4" [_thread_blocked, id=3856, stack(0x0000000019f90000,0x000000001a090000)]
  0x0000000008836800 JavaThread "J3D-SoundStructureUpdateThread-4" [_thread_blocked, id=4224, stack(0x0000000019e90000,0x0000000019f90000)]
  0x0000000008835800 JavaThread "J3D-GeometryStructureUpdateThread-4" [_thread_blocked, id=4884, stack(0x0000000019d90000,0x0000000019e90000)]
  0x0000000008835000 JavaThread "J3D-BehaviorStructureUpdateThread-4" [_thread_blocked, id=5100, stack(0x0000000018110000,0x0000000018210000)]
  0x0000000008798800 JavaThread "J3D-SoundSchedulerUpdateThread-3" [_thread_blocked, id=4356, stack(0x0000000018010000,0x0000000018110000)]
  0x0000000008797800 JavaThread "J3D-RenderStructureUpdateThread-3" [_thread_blocked, id=496, stack(0x0000000014880000,0x0000000014980000)]
  0x0000000008797000 JavaThread "J3D-BehaviorScheduler-3" [_thread_blocked, id=5096, stack(0x0000000014780000,0x0000000014880000)]
  0x0000000008796000 JavaThread "J3D-TransformStructureUpdateThread-3" [_thread_blocked, id=4172, stack(0x0000000014680000,0x0000000014780000)]
  0x0000000008795800 JavaThread "J3D-RenderingEnvironmentStructureUpdateThread-3" [_thread_blocked, id=1684, stack(0x000000000d780000,0x000000000d880000)]
  0x0000000008794800 JavaThread "J3D-SoundStructureUpdateThread-3" [_thread_blocked, id=3288, stack(0x000000000d680000,0x000000000d780000)]
  0x0000000008794000 JavaThread "J3D-GeometryStructureUpdateThread-3" [_thread_blocked, id=1460, stack(0x000000000d580000,0x000000000d680000)]
  0x0000000008793000 JavaThread "J3D-BehaviorStructureUpdateThread-3" [_thread_blocked, id=384, stack(0x000000000d480000,0x000000000d580000)]
  0x0000000008792800 JavaThread "J3D-SoundSchedulerUpdateThread-2" [_thread_blocked, id=4796, stack(0x0000000017f10000,0x0000000018010000)]
  0x0000000008792000 JavaThread "J3D-RenderStructureUpdateThread-2" [_thread_blocked, id=3504, stack(0x0000000018810000,0x0000000018910000)]
  0x0000000008791000 JavaThread "J3D-BehaviorScheduler-2" [_thread_blocked, id=3816, stack(0x0000000018710000,0x0000000018810000)]
  0x0000000008387000 JavaThread "J3D-TransformStructureUpdateThread-2" [_thread_blocked, id=3924, stack(0x0000000018610000,0x0000000018710000)]
  0x0000000008386800 JavaThread "J3D-RenderingEnvironmentStructureUpdateThread-2" [_thread_blocked, id=4044, stack(0x0000000018510000,0x0000000018610000)]
  0x0000000008386000 JavaThread "J3D-SoundStructureUpdateThread-2" [_thread_blocked, id=4144, stack(0x0000000018410000,0x0000000018510000)]
  0x0000000008385000 JavaThread "J3D-GeometryStructureUpdateThread-2" [_thread_blocked, id=3012, stack(0x0000000018310000,0x0000000018410000)]
  0x0000000008384800 JavaThread "J3D-BehaviorStructureUpdateThread-2" [_thread_blocked, id=4872, stack(0x0000000018210000,0x0000000018310000)]
  0x0000000008383800 JavaThread "J3D-InputDeviceScheduler-1" [_thread_blocked, id=3760, stack(0x0000000017e10000,0x0000000017f10000)]
  0x0000000008383000 JavaThread "J3D-SoundSchedulerUpdateThread-1" [_thread_blocked, id=4084, stack(0x0000000017d10000,0x0000000017e10000)]
  0x0000000008382000 JavaThread "J3D-RenderStructureUpdateThread-1" [_thread_blocked, id=3900, stack(0x0000000017c10000,0x0000000017d10000)]
  0x0000000008381800 JavaThread "J3D-BehaviorScheduler-1" [_thread_blocked, id=2140, stack(0x0000000017b10000,0x0000000017c10000)]
  0x0000000008380800 JavaThread "J3D-TransformStructureUpdateThread-1" [_thread_blocked, id=4132, stack(0x0000000017a10000,0x0000000017b10000)]
  0x0000000008380000 JavaThread "J3D-RenderingEnvironmentStructureUpdateThread-1" [_thread_blocked, id=3552, stack(0x0000000017910000,0x0000000017a10000)]
  0x000000000837f000 JavaThread "J3D-SoundStructureUpdateThread-1" [_thread_blocked, id=3596, stack(0x0000000017810000,0x0000000017910000)]
  0x000000000837e800 JavaThread "J3D-GeometryStructureUpdateThread-1" [_thread_blocked, id=2124, stack(0x0000000017710000,0x0000000017810000)]
  0x000000000837e000 JavaThread "J3D-BehaviorStructureUpdateThread-1" [_thread_blocked, id=4484, stack(0x0000000016da0000,0x0000000016ea0000)]
  0x000000000837c800 JavaThread "SwingWorker-pool-2-thread-1" daemon [_thread_blocked, id=3324, stack(0x0000000015c00000,0x0000000015d00000)]
  0x000000000837b800 JavaThread "Thread-8" daemon [_thread_in_native, id=5104, stack(0x0000000015b00000,0x0000000015c00000)]
  0x000000000837b000 JavaThread "J3D-Renderer-1" [_thread_in_native, id=4736, stack(0x00000000150d0000,0x00000000151d0000)]
  0x000000000837a000 JavaThread "J3D-MasterControl-1" [_thread_blocked, id=4508, stack(0x0000000014fd0000,0x00000000150d0000)]
  0x0000000008379800 JavaThread "J3D-NotificationThread" [_thread_blocked, id=3436, stack(0x0000000014ed0000,0x0000000014fd0000)]
  0x0000000008378800 JavaThread "J3D-TimerThread" [_thread_blocked, id=3088, stack(0x0000000014dd0000,0x0000000014ed0000)]
  0x0000000008378000 JavaThread "J3D-RenderingAttributesStructureUpdateThread" [_thread_blocked, id=116, stack(0x0000000014cc0000,0x0000000014dc0000)]
  0x00000000083a0000 JavaThread "Swing-Shell" daemon [_thread_blocked, id=4324, stack(0x000000000e2a0000,0x000000000e3a0000)]
  0x000000000839b800 JavaThread "D3D Screen Updater" daemon [_thread_blocked, id=2104, stack(0x000000000c530000,0x000000000c630000)]
  0x0000000008249800 JavaThread "MySQL Statement Cancellation Timer" daemon [_thread_blocked, id=3564, stack(0x000000000c1e0000,0x000000000c2e0000)]
  0x0000000008365800 JavaThread "TimerQueue" daemon [_thread_blocked, id=1064, stack(0x000000000c0e0000,0x000000000c1e0000)]
  0x000000000023e000 JavaThread "DestroyJavaVM" [_thread_blocked, id=1644, stack(0x00000000023f0000,0x00000000024f0000)]
  0x0000000008441000 JavaThread "AWT-EventQueue-0" [_thread_blocked, id=1000, stack(0x0000000009040000,0x0000000009140000)]
  0x000000000821d000 JavaThread "AWT-Windows" daemon [_thread_in_native, id=1320, stack(0x0000000008f40000,0x0000000009040000)]
  0x000000000816e800 JavaThread "AWT-Shutdown" [_thread_blocked, id=3580, stack(0x0000000008e40000,0x0000000008f40000)]
  0x000000000816e000 JavaThread "Java2D Disposer" daemon [_thread_blocked, id=3316, stack(0x0000000008d40000,0x0000000008e40000)]
  0x0000000007693800 JavaThread "Low Memory Detector" daemon [_thread_blocked, id=3112, stack(0x0000000007c30000,0x0000000007d30000)]
  0x0000000007693000 JavaThread "CompilerThread1" daemon [_thread_blocked, id=4912, stack(0x0000000007b30000,0x0000000007c30000)]
  0x000000000768a000 JavaThread "CompilerThread0" daemon [_thread_blocked, id=4288, stack(0x0000000007a30000,0x0000000007b30000)]
  0x0000000007686000 JavaThread "Attach Listener" daemon [_thread_blocked, id=1080, stack(0x0000000007930000,0x0000000007a30000)]
  0x0000000007681000 JavaThread "Signal Dispatcher" daemon [_thread_blocked, id=4376, stack(0x0000000007830000,0x0000000007930000)]
  0x0000000000529000 JavaThread "Finalizer" daemon [_thread_blocked, id=4712, stack(0x0000000007530000,0x0000000007630000)]
  0x0000000000527000 JavaThread "Reference Handler" daemon [_thread_blocked, id=3344, stack(0x0000000007430000,0x0000000007530000)]

Other Threads:
  0x0000000000521000 VMThread [stack: 0x0000000007330000,0x0000000007430000] [id=4308]
  0x00000000076a6800 WatcherThread [stack: 0x0000000007d30000,0x0000000007e30000] [id=3648]

VM state:not at safepoint (normal execution)

VM Mutex/Monitor currently owned by a thread: None

Heap
 PSYoungGen      total 280896K, used 58032K [0x0000000780000000, 0x0000000799d90000, 0x0000000800000000)
  eden space 207360K, 14% used [0x0000000780000000,0x0000000781dece70,0x000000078ca80000)
  from space 73536K, 37% used [0x000000078ca80000,0x000000078e53f1a8,0x0000000791250000)
  to   space 68672K, 0% used [0x0000000795a80000,0x0000000795a80000,0x0000000799d90000)
 PSOldGen        total 205952K, used 119206K [0x0000000680000000, 0x000000068c920000, 0x0000000780000000)
  object space 205952K, 57% used [0x0000000680000000,0x0000000687469808,0x000000068c920000)
 PSPermGen       total 57536K, used 29029K [0x000000067ae00000, 0x000000067e630000, 0x0000000680000000)
  object space 57536K, 50% used [0x000000067ae00000,0x000000067ca59730,0x000000067e630000)

Dynamic libraries:
0x0000000000400000 - 0x000000000042e000 	C:\Program Files\Java\jdk1.6.0_24\bin\java.exe
0x0000000077210000 - 0x00000000773b9000 	C:\Windows\SYSTEM32\ntdll.dll
0x0000000076c30000 - 0x0000000076d4f000 	C:\Windows\system32\kernel32.dll
0x000007fefd950000 - 0x000007fefd9bc000 	C:\Windows\system32\KERNELBASE.dll
0x000007fefe300000 - 0x000007fefe3db000 	C:\Windows\system32\ADVAPI32.dll
0x000007fefe040000 - 0x000007fefe0df000 	C:\Windows\system32\msvcrt.dll
0x000007fefdb70000 - 0x000007fefdb8f000 	C:\Windows\SYSTEM32\sechost.dll
0x000007fefda40000 - 0x000007fefdb6d000 	C:\Windows\system32\RPCRT4.dll
0x000000006d890000 - 0x000000006df94000 	C:\Program Files\Java\jdk1.6.0_24\jre\bin\server\jvm.dll
0x0000000076b30000 - 0x0000000076c2a000 	C:\Windows\system32\USER32.dll
0x000007fefdca0000 - 0x000007fefdd07000 	C:\Windows\system32\GDI32.dll
0x000007fefe640000 - 0x000007fefe64e000 	C:\Windows\system32\LPK.dll
0x000007feff450000 - 0x000007feff519000 	C:\Windows\system32\USP10.dll
0x000007fefaed0000 - 0x000007fefaf0b000 	C:\Windows\system32\WINMM.dll
0x000007fefdd10000 - 0x000007fefdd3e000 	C:\Windows\system32\IMM32.DLL
0x000007fefdb90000 - 0x000007fefdc99000 	C:\Windows\system32\MSCTF.dll
0x000000006d800000 - 0x000000006d80e000 	C:\Program Files\Java\jdk1.6.0_24\jre\bin\verify.dll
0x000000006d450000 - 0x000000006d477000 	C:\Program Files\Java\jdk1.6.0_24\jre\bin\java.dll
0x000000006d3b0000 - 0x000000006d3ba000 	C:\Program Files\Java\jdk1.6.0_24\jre\bin\hpi.dll
0x00000000773e0000 - 0x00000000773e7000 	C:\Windows\system32\PSAPI.DLL
0x000000006d850000 - 0x000000006d862000 	C:\Program Files\Java\jdk1.6.0_24\jre\bin\zip.dll
0x000000006d0a0000 - 0x000000006d263000 	C:\Program Files\Java\jdk1.6.0_24\jre\bin\awt.dll
0x000007fef9d60000 - 0x000007fef9dd1000 	C:\Windows\system32\WINSPOOL.DRV
0x000007fefe0e0000 - 0x000007fefe2e3000 	C:\Windows\system32\ole32.dll
0x000007fefe670000 - 0x000007feff3f8000 	C:\Windows\system32\SHELL32.dll
0x000007fefe4e0000 - 0x000007fefe551000 	C:\Windows\system32\SHLWAPI.dll
0x000007fefc2c0000 - 0x000007fefc4b4000 	C:\Windows\WinSxS\amd64_microsoft.windows.common-controls_6595b64144ccf1df_6.0.7601.17514_none_fa396087175ac9ac\COMCTL32.dll
0x000007fefb9d0000 - 0x000007fefb9e8000 	C:\Windows\system32\DWMAPI.DLL
0x000007fefbf10000 - 0x000007fefbf66000 	C:\Windows\system32\uxtheme.dll
0x000007fefd5a0000 - 0x000007fefd5af000 	C:\Windows\system32\CRYPTBASE.dll
0x000000006d340000 - 0x000000006d3a6000 	C:\Program Files\Java\jdk1.6.0_24\jre\bin\fontmanager.dll
0x000007fef1080000 - 0x000007fef127f000 	C:\Windows\system32\d3d9.dll
0x000007fefc7b0000 - 0x000007fefc7bc000 	C:\Windows\system32\VERSION.dll
0x000007fef9c80000 - 0x000007fef9c87000 	C:\Windows\system32\d3d8thk.dll
0x000007feee650000 - 0x000007feef2a3000 	C:\Windows\system32\nvd3dumx.dll
0x000007fefbc10000 - 0x000007fefbc3c000 	C:\Windows\system32\powrprof.dll
0x000007fefddc0000 - 0x000007fefdf97000 	C:\Windows\system32\SETUPAPI.dll
0x000007fefda00000 - 0x000007fefda36000 	C:\Windows\system32\CFGMGR32.dll
0x000007fefe560000 - 0x000007fefe637000 	C:\Windows\system32\OLEAUT32.dll
0x000007fefd7c0000 - 0x000007fefd7da000 	C:\Windows\system32\DEVOBJ.dll
0x000000006d6a0000 - 0x000000006d6b7000 	C:\Program Files\Java\jdk1.6.0_24\jre\bin\net.dll
0x000007feff400000 - 0x000007feff44d000 	C:\Windows\system32\WS2_32.dll
0x000007fefe2f0000 - 0x000007fefe2f8000 	C:\Windows\system32\NSI.dll
0x000007fefcee0000 - 0x000007fefcf35000 	C:\Windows\system32\mswsock.dll
0x000007fefced0000 - 0x000007fefced7000 	C:\Windows\System32\wship6.dll
0x000000006d6c0000 - 0x000000006d6cb000 	C:\Program Files\Java\jdk1.6.0_24\jre\bin\nio.dll
0x000007fefc880000 - 0x000007fefc887000 	C:\Windows\System32\wshtcpip.dll
0x000007fefcd60000 - 0x000007fefcdbb000 	C:\Windows\system32\DNSAPI.dll
0x000007fefa940000 - 0x000007fefa967000 	C:\Windows\system32\IPHLPAPI.DLL
0x000007fefa9e0000 - 0x000007fefa9eb000 	C:\Windows\system32\WINNSI.DLL
0x000007fef9030000 - 0x000007fef9038000 	C:\Windows\system32\rasadhlp.dll
0x000007fefa980000 - 0x000007fefa9d3000 	C:\Windows\System32\fwpuclnt.dll
0x000000006d2b0000 - 0x000000006d2d8000 	C:\Program Files\Java\jdk1.6.0_24\jre\bin\dcpr.dll
0x000007fefdfa0000 - 0x000007fefe039000 	C:\Windows\system32\CLBCatQ.DLL
0x000007fefbf70000 - 0x000007fefc09c000 	C:\Windows\system32\propsys.dll
0x000007fefba90000 - 0x000007fefbabd000 	C:\Windows\system32\ntmarta.dll
0x000007fefe480000 - 0x000007fefe4d2000 	C:\Windows\system32\WLDAP32.dll
0x000007fefd540000 - 0x000007fefd597000 	C:\Windows\system32\apphelp.dll
0x000007fef5c10000 - 0x000007fef5dac000 	C:\Windows\system32\NetworkExplorer.dll
0x000007fef79a0000 - 0x000007fef79d4000 	C:\Windows\System32\shdocvw.dll
0x000007fefd670000 - 0x000007fefd67f000 	C:\Windows\system32\profapi.dll
0x000007fefab30000 - 0x000007fefab3b000 	C:\Windows\system32\slc.dll
0x000007fef8280000 - 0x000007fef8298000 	C:\Windows\system32\MPR.dll
0x000007fefc2b0000 - 0x000007fefc2ba000 	C:\Windows\System32\drprov.dll
0x000007fefca90000 - 0x000007fefcacd000 	C:\Windows\System32\WINSTA.dll
0x000007fef6d80000 - 0x000007fef6da2000 	C:\Windows\System32\ntlanman.dll
0x000007fefc290000 - 0x000007fefc2ac000 	C:\Windows\System32\davclnt.dll
0x000007fef6d70000 - 0x000007fef6d7a000 	C:\Windows\System32\DAVHLPR.dll
0x000007fefa680000 - 0x000007fefa695000 	C:\Windows\system32\wkscli.dll
0x000007fef69b0000 - 0x000007fef69bf000 	C:\Windows\system32\cscapi.dll
0x000007fefa6a0000 - 0x000007fefa6ac000 	C:\Windows\system32\netutils.dll
0x000007fef1280000 - 0x000007fef14f1000 	C:\Windows\system32\wpdshext.dll
0x000007fefbcf0000 - 0x000007fefbf05000 	C:\Windows\WinSxS\amd64_microsoft.windows.gdiplus_6595b64144ccf1df_1.1.7601.17514_none_2b24536c71ed437a\gdiplus.dll
0x000007fef8150000 - 0x000007fef820d000 	C:\Windows\system32\PortableDeviceApi.dll
0x000007fefd9c0000 - 0x000007fefd9fa000 	C:\Windows\system32\WINTRUST.dll
0x000007fefd7e0000 - 0x000007fefd947000 	C:\Windows\system32\CRYPT32.dll
0x000007fefd710000 - 0x000007fefd71f000 	C:\Windows\system32\MSASN1.dll
0x000007fef6a50000 - 0x000007fef6a85000 	C:\Windows\system32\EhStorShell.dll
0x000007fef1b00000 - 0x000007fef1b27000 	C:\Windows\system32\EhStorAPI.dll
0x000007fef5e40000 - 0x000007fef5f17000 	C:\Windows\system32\SearchFolder.dll
0x000007fef66d0000 - 0x000007fef66dc000 	C:\Windows\system32\LINKINFO.dll
0x000000006d490000 - 0x000000006d497000 	C:\Program Files\Java\jdk1.6.0_24\jre\bin\jawt.dll
0x000000000bf80000 - 0x000000000bfbe000 	C:\Users\fovea\Desktop\Abdelheq\VRMinerVisualAssistant\j3dcore-ogl.dll
0x000007fef0e90000 - 0x000007fef0fad000 	C:\Windows\system32\OPENGL32.dll
0x000007fef9b10000 - 0x000007fef9b3d000 	C:\Windows\system32\GLU32.dll
0x000007fef1830000 - 0x000007fef1921000 	C:\Windows\system32\DDRAW.dll
0x000007fefc0c0000 - 0x000007fefc0c8000 	C:\Windows\system32\DCIMAN32.dll
0x0000000069500000 - 0x000000006a8b4000 	C:\Windows\system32\nvoglv64.DLL
0x000007fefcf40000 - 0x000007fefcf57000 	C:\Windows\system32\CRYPTSP.dll
0x000007fefcc40000 - 0x000007fefcc87000 	C:\Windows\system32\rsaenh.dll
0x000007fefc9c0000 - 0x000007fefc9de000 	C:\Windows\system32\USERENV.dll
0x000007fefb030000 - 0x000007fefb045000 	C:\Windows\system32\NLAapi.dll
0x000007fef7980000 - 0x000007fef7995000 	C:\Windows\system32\napinsp.dll
0x000007fef7960000 - 0x000007fef7979000 	C:\Windows\system32\pnrpnsp.dll
0x000007fef7950000 - 0x000007fef7960000 	C:\Windows\system32\wshbth.dll
0x000007fef7940000 - 0x000007fef794b000 	C:\Windows\System32\winrnr.dll
0x0000000180000000 - 0x0000000180016000 	C:\Users\fovea\Desktop\Abdelheq\VRMinerVisualAssistant\jinput-dx8_64.dll
0x000007fef9a10000 - 0x000007fef9a4c000 	C:\Windows\system32\DINPUT8.dll
0x000007fefb9f0000 - 0x000007fefb9fb000 	C:\Windows\system32\HID.DLL
0x000000000bff0000 - 0x000000000c004000 	C:\Users\fovea\Desktop\Abdelheq\VRMinerVisualAssistant\jinput-raw_64.dll
0x000000006d570000 - 0x000000006d5a5000 	C:\Program Files\Java\jdk1.6.0_24\jre\bin\jpeg.dll

VM Arguments:
jvm_args: -Dfile.encoding=windows-1252 -Xmx6144m 
java_command: VisualAssistantFDM.ui.MainInterface
Launcher Type: SUN_STANDARD

Environment Variables:
PATH=C:\Windows\system32;C:\Windows;C:\Windows\System32\Wbem;C:\Windows\System32\WindowsPowerShell\v1.0\;C:\OpenCV2.1\bin;C:\Program Files (x86)\Microsoft SQL Server\90\Tools\binn\
USERNAME=fovea
OS=Windows_NT
PROCESSOR_IDENTIFIER=Intel64 Family 6 Model 23 Stepping 10, GenuineIntel



---------------  S Y S T E M  ---------------

OS: Windows 7 Build 7601 Service Pack 1

CPU:total 4 (4 cores per cpu, 1 threads per core) family 6 model 23 stepping 10, cmov, cx8, fxsr, mmx, sse, sse2, sse3, ssse3, sse4.1

Memory: 4k page, physical 8386200k(5661028k free), swap 16770552k(13388456k free)

vm_info: Java HotSpot(TM) 64-Bit Server VM (19.1-b02) for windows-amd64 JRE (1.6.0_24-b07), built on Feb  2 2011 16:25:45 by "java_re" with MS VC++ 8.0 (VS2005)

time: Tue Jul 26 12:52:09 2011
elapsed time: 25 seconds

