#
# A fatal error has been detected by the Java Runtime Environment:
#
#  EXCEPTION_ACCESS_VIOLATION (0xc0000005) at pc=0x0000000002833766, pid=2160, tid=4312
#
# JRE version: 6.0_24-b07
# Java VM: Java HotSpot(TM) 64-Bit Server VM (19.1-b02 mixed mode windows-amd64 compressed oops)
# Problematic frame:
# J  javax.media.j3d.PickConeRay.intersect(Ljavax/media/j3d/Bounds;Ljavax/vecmath/Point4d;)Z
#
# If you would like to submit a bug report, please visit:
#   http://java.sun.com/webapps/bugreport/crash.jsp
#

---------------  T H R E A D  ---------------

Current thread (0x0000000010fab800):  JavaThread "J3D-BehaviorScheduler-22" [_thread_in_Java, id=4312, stack(0x000000001db10000,0x000000001dc10000)]

siginfo: ExceptionCode=0xc0000005, writing address 0x00000007b2fbb988

Registers:
RAX=0x0000000784488848, RBX=0x00000007b3090db8, RCX=0x00000000f66121b7, RDX=0x00000000f65f7725
RSP=0x000000001dc0f440, RBP=0x00000000f65f772f, RSI=0x00000007b2fbb8f8, RDI=0x0000000784488870
R8=0x00000000f66121bc, R9=0x00000007b3090de0, R10=0x0000000000000005, R11=0x00000000f65f772a
R12=0x0000000000000000, R13=0x00000000f66121b7, R14=0x000000001dc0f510, R15=0x0000000010fab800
RIP=0x0000000002833766, EFLAGS=0x0000000000010282

Register to memory mapping:

RAX=0x0000000784488848

[error occurred during error reporting (printing registers, top of stack, instructions near pc), id 0xe0000000]

Stack: [0x000000001db10000,0x000000001dc10000],  sp=0x000000001dc0f440,  free space=1021k
Native frames: (J=compiled Java code, j=interpreted, Vv=VM code, C=native code)
J  javax.media.j3d.PickConeRay.intersect(Ljavax/media/j3d/Bounds;Ljavax/vecmath/Point4d;)Z


---------------  P R O C E S S  ---------------

Java Threads: ( => current thread )
  0x0000000010fb2800 JavaThread "AWT-EventQueue-0" [_thread_blocked, id=4036, stack(0x0000000024810000,0x0000000024910000)]
  0x0000000010fb1000 JavaThread "J3D-SoundSchedulerUpdateThread-22" [_thread_blocked, id=260, stack(0x00000000227f0000,0x00000000228f0000)]
  0x0000000010fb0800 JavaThread "J3D-RenderStructureUpdateThread-22" [_thread_blocked, id=4368, stack(0x000000001dc10000,0x000000001dd10000)]
=>0x0000000010fab800 JavaThread "J3D-BehaviorScheduler-22" [_thread_in_Java, id=4312, stack(0x000000001db10000,0x000000001dc10000)]
  0x0000000010fac000 JavaThread "J3D-TransformStructureUpdateThread-22" [_thread_blocked, id=3796, stack(0x000000001da10000,0x000000001db10000)]
  0x0000000010fad800 JavaThread "J3D-RenderingEnvironmentStructureUpdateThread-22" [_thread_blocked, id=4844, stack(0x000000001d910000,0x000000001da10000)]
  0x0000000010fac800 JavaThread "J3D-SoundStructureUpdateThread-22" [_thread_blocked, id=4116, stack(0x000000001c560000,0x000000001c660000)]
  0x0000000010faf800 JavaThread "J3D-GeometryStructureUpdateThread-22" [_thread_blocked, id=4276, stack(0x000000001c460000,0x000000001c560000)]
  0x0000000010fae000 JavaThread "J3D-BehaviorStructureUpdateThread-22" [_thread_blocked, id=1500, stack(0x0000000009040000,0x0000000009140000)]
  0x0000000010c79800 JavaThread "J3D-SoundSchedulerUpdateThread-9" [_thread_blocked, id=2784, stack(0x0000000020d40000,0x0000000020e40000)]
  0x0000000010c79000 JavaThread "J3D-RenderStructureUpdateThread-9" [_thread_blocked, id=3212, stack(0x0000000020c40000,0x0000000020d40000)]
  0x0000000010c78000 JavaThread "J3D-BehaviorScheduler-9" [_thread_blocked, id=3672, stack(0x0000000020b40000,0x0000000020c40000)]
  0x0000000010c77800 JavaThread "J3D-TransformStructureUpdateThread-9" [_thread_blocked, id=1092, stack(0x0000000020a40000,0x0000000020b40000)]
  0x0000000010c76800 JavaThread "J3D-RenderingEnvironmentStructureUpdateThread-9" [_thread_blocked, id=604, stack(0x0000000020940000,0x0000000020a40000)]
  0x0000000010c76000 JavaThread "J3D-SoundStructureUpdateThread-9" [_thread_blocked, id=2648, stack(0x0000000020840000,0x0000000020940000)]
  0x0000000010c75000 JavaThread "J3D-GeometryStructureUpdateThread-9" [_thread_blocked, id=3152, stack(0x0000000020740000,0x0000000020840000)]
  0x0000000010c74800 JavaThread "J3D-BehaviorStructureUpdateThread-9" [_thread_blocked, id=3804, stack(0x0000000020640000,0x0000000020740000)]
  0x000000000776e800 JavaThread "J3D-SoundSchedulerUpdateThread-8" [_thread_blocked, id=3532, stack(0x0000000020090000,0x0000000020190000)]
  0x000000000776e000 JavaThread "J3D-RenderStructureUpdateThread-8" [_thread_blocked, id=3096, stack(0x000000001ff90000,0x0000000020090000)]
  0x000000000776d000 JavaThread "J3D-BehaviorScheduler-8" [_thread_blocked, id=3676, stack(0x000000001fe90000,0x000000001ff90000)]
  0x000000000776c800 JavaThread "J3D-TransformStructureUpdateThread-8" [_thread_blocked, id=2188, stack(0x000000001fd90000,0x000000001fe90000)]
  0x000000000776c000 JavaThread "J3D-RenderingEnvironmentStructureUpdateThread-8" [_thread_blocked, id=3080, stack(0x000000001fc90000,0x000000001fd90000)]
  0x000000000776b000 JavaThread "J3D-SoundStructureUpdateThread-8" [_thread_blocked, id=4084, stack(0x000000001fb90000,0x000000001fc90000)]
  0x000000000776a800 JavaThread "J3D-GeometryStructureUpdateThread-8" [_thread_blocked, id=3876, stack(0x000000001fa90000,0x000000001fb90000)]
  0x0000000007769800 JavaThread "J3D-BehaviorStructureUpdateThread-8" [_thread_blocked, id=1424, stack(0x000000001f990000,0x000000001fa90000)]
  0x0000000007769000 JavaThread "J3D-SoundSchedulerUpdateThread-7" [_thread_blocked, id=1036, stack(0x000000001e410000,0x000000001e510000)]
  0x0000000007768000 JavaThread "J3D-RenderStructureUpdateThread-7" [_thread_blocked, id=2440, stack(0x000000001e310000,0x000000001e410000)]
  0x0000000007767800 JavaThread "J3D-BehaviorScheduler-7" [_thread_blocked, id=3628, stack(0x000000001e210000,0x000000001e310000)]
  0x0000000008302800 JavaThread "J3D-TransformStructureUpdateThread-7" [_thread_blocked, id=2040, stack(0x000000001e110000,0x000000001e210000)]
  0x0000000008301800 JavaThread "J3D-RenderingEnvironmentStructureUpdateThread-7" [_thread_blocked, id=3484, stack(0x000000001e010000,0x000000001e110000)]
  0x0000000008301000 JavaThread "J3D-SoundStructureUpdateThread-7" [_thread_blocked, id=1144, stack(0x000000001df10000,0x000000001e010000)]
  0x0000000008300800 JavaThread "J3D-GeometryStructureUpdateThread-7" [_thread_blocked, id=2892, stack(0x000000001de10000,0x000000001df10000)]
  0x00000000082ff800 JavaThread "J3D-BehaviorStructureUpdateThread-7" [_thread_blocked, id=3332, stack(0x000000001dd10000,0x000000001de10000)]
  0x00000000082ff000 JavaThread "J3D-SoundSchedulerUpdateThread-6" [_thread_blocked, id=3600, stack(0x000000001cb60000,0x000000001cc60000)]
  0x00000000082fe000 JavaThread "J3D-RenderStructureUpdateThread-6" [_thread_blocked, id=1240, stack(0x000000000df50000,0x000000000e050000)]
  0x00000000082fd800 JavaThread "J3D-BehaviorScheduler-6" [_thread_blocked, id=3144, stack(0x000000000de50000,0x000000000df50000)]
  0x00000000082fc800 JavaThread "J3D-TransformStructureUpdateThread-6" [_thread_blocked, id=4032, stack(0x000000000dd50000,0x000000000de50000)]
  0x00000000082fc000 JavaThread "J3D-RenderingEnvironmentStructureUpdateThread-6" [_thread_blocked, id=2528, stack(0x000000000dc50000,0x000000000dd50000)]
  0x00000000082fb000 JavaThread "J3D-SoundStructureUpdateThread-6" [_thread_blocked, id=2708, stack(0x000000000d100000,0x000000000d200000)]
  0x0000000014257000 JavaThread "J3D-GeometryStructureUpdateThread-6" [_thread_blocked, id=2812, stack(0x000000000d000000,0x000000000d100000)]
  0x0000000014256000 JavaThread "J3D-BehaviorStructureUpdateThread-6" [_thread_blocked, id=3780, stack(0x000000000c530000,0x000000000c630000)]
  0x0000000014255800 JavaThread "J3D-SoundSchedulerUpdateThread-5" [_thread_blocked, id=3720, stack(0x000000001ca60000,0x000000001cb60000)]
  0x0000000014254800 JavaThread "J3D-RenderStructureUpdateThread-5" [_thread_blocked, id=256, stack(0x000000001c960000,0x000000001ca60000)]
  0x0000000014254000 JavaThread "J3D-BehaviorScheduler-5" [_thread_blocked, id=3252, stack(0x000000001c860000,0x000000001c960000)]
  0x0000000014253800 JavaThread "J3D-TransformStructureUpdateThread-5" [_thread_blocked, id=2220, stack(0x000000001c760000,0x000000001c860000)]
  0x0000000014252800 JavaThread "J3D-RenderingEnvironmentStructureUpdateThread-5" [_thread_blocked, id=3372, stack(0x000000001c660000,0x000000001c760000)]
  0x0000000014252000 JavaThread "J3D-SoundStructureUpdateThread-5" [_thread_blocked, id=2932, stack(0x000000001c360000,0x000000001c460000)]
  0x0000000014251000 JavaThread "J3D-GeometryStructureUpdateThread-5" [_thread_blocked, id=3432, stack(0x000000001c260000,0x000000001c360000)]
  0x0000000014250800 JavaThread "J3D-BehaviorStructureUpdateThread-5" [_thread_blocked, id=3616, stack(0x000000001c160000,0x000000001c260000)]
  0x000000001424f800 JavaThread "J3D-SoundSchedulerUpdateThread-4" [_thread_blocked, id=896, stack(0x000000001abe0000,0x000000001ace0000)]
  0x000000000fc4b800 JavaThread "J3D-RenderStructureUpdateThread-4" [_thread_blocked, id=3528, stack(0x000000001aae0000,0x000000001abe0000)]
  0x000000000fc4b000 JavaThread "J3D-BehaviorScheduler-4" [_thread_blocked, id=4092, stack(0x000000001a9e0000,0x000000001aae0000)]
  0x000000000fc4a800 JavaThread "J3D-TransformStructureUpdateThread-4" [_thread_blocked, id=3520, stack(0x000000001a8e0000,0x000000001a9e0000)]
  0x000000000fc49800 JavaThread "J3D-RenderingEnvironmentStructureUpdateThread-4" [_thread_blocked, id=2732, stack(0x000000001a7e0000,0x000000001a8e0000)]
  0x000000000fc49000 JavaThread "J3D-SoundStructureUpdateThread-4" [_thread_blocked, id=3132, stack(0x000000001a6e0000,0x000000001a7e0000)]
  0x000000000fc48000 JavaThread "J3D-GeometryStructureUpdateThread-4" [_thread_blocked, id=2120, stack(0x000000001a5e0000,0x000000001a6e0000)]
  0x000000000fc47800 JavaThread "J3D-BehaviorStructureUpdateThread-4" [_thread_blocked, id=2112, stack(0x000000001a4e0000,0x000000001a5e0000)]
  0x000000000fc46800 JavaThread "J3D-SoundSchedulerUpdateThread-3" [_thread_blocked, id=3448, stack(0x0000000019730000,0x0000000019830000)]
  0x000000000fc46000 JavaThread "J3D-RenderStructureUpdateThread-3" [_thread_blocked, id=808, stack(0x0000000019630000,0x0000000019730000)]
  0x000000000fc45000 JavaThread "J3D-BehaviorScheduler-3" [_thread_blocked, id=3820, stack(0x0000000019530000,0x0000000019630000)]
  0x000000000fc44800 JavaThread "J3D-TransformStructureUpdateThread-3" [_thread_blocked, id=4040, stack(0x0000000019430000,0x0000000019530000)]
  0x000000000f195000 JavaThread "J3D-RenderingEnvironmentStructureUpdateThread-3" [_thread_blocked, id=3488, stack(0x0000000019330000,0x0000000019430000)]
  0x000000000f194800 JavaThread "J3D-SoundStructureUpdateThread-3" [_thread_blocked, id=2756, stack(0x0000000019230000,0x0000000019330000)]
  0x000000000f193800 JavaThread "J3D-GeometryStructureUpdateThread-3" [_thread_blocked, id=2640, stack(0x0000000019130000,0x0000000019230000)]
  0x000000000f193000 JavaThread "J3D-BehaviorStructureUpdateThread-3" [_thread_blocked, id=4048, stack(0x0000000019030000,0x0000000019130000)]
  0x000000000f192000 JavaThread "J3D-SoundSchedulerUpdateThread-2" [_thread_blocked, id=1684, stack(0x0000000017dd0000,0x0000000017ed0000)]
  0x000000000f191800 JavaThread "J3D-RenderStructureUpdateThread-2" [_thread_blocked, id=2132, stack(0x0000000017cd0000,0x0000000017dd0000)]
  0x000000000f190800 JavaThread "J3D-BehaviorScheduler-2" [_thread_blocked, id=924, stack(0x0000000017bd0000,0x0000000017cd0000)]
  0x000000000f190000 JavaThread "J3D-TransformStructureUpdateThread-2" [_thread_blocked, id=3584, stack(0x0000000017ad0000,0x0000000017bd0000)]
  0x000000000f18f000 JavaThread "J3D-RenderingEnvironmentStructureUpdateThread-2" [_thread_blocked, id=2928, stack(0x00000000179d0000,0x0000000017ad0000)]
  0x000000000f18e800 JavaThread "J3D-SoundStructureUpdateThread-2" [_thread_blocked, id=2612, stack(0x0000000017120000,0x0000000017220000)]
  0x000000000f18e000 JavaThread "J3D-GeometryStructureUpdateThread-2" [_thread_blocked, id=3284, stack(0x0000000017020000,0x0000000017120000)]
  0x000000000e984800 JavaThread "J3D-BehaviorStructureUpdateThread-2" [_thread_blocked, id=1708, stack(0x0000000016f20000,0x0000000017020000)]
  0x000000000e983800 JavaThread "J3D-InputDeviceScheduler-1" [_thread_blocked, id=532, stack(0x0000000016e20000,0x0000000016f20000)]
  0x000000000e983000 JavaThread "J3D-SoundSchedulerUpdateThread-1" [_thread_blocked, id=3688, stack(0x0000000016d20000,0x0000000016e20000)]
  0x000000000e982000 JavaThread "J3D-RenderStructureUpdateThread-1" [_thread_blocked, id=2904, stack(0x0000000016c20000,0x0000000016d20000)]
  0x000000000e981800 JavaThread "J3D-BehaviorScheduler-1" [_thread_blocked, id=3952, stack(0x0000000016210000,0x0000000016310000)]
  0x0000000010448800 JavaThread "J3D-TransformStructureUpdateThread-1" [_thread_blocked, id=3772, stack(0x0000000014e80000,0x0000000014f80000)]
  0x0000000010447800 JavaThread "J3D-RenderingEnvironmentStructureUpdateThread-1" [_thread_blocked, id=3580, stack(0x0000000014d80000,0x0000000014e80000)]
  0x0000000010447000 JavaThread "J3D-SoundStructureUpdateThread-1" [_thread_blocked, id=3716, stack(0x0000000014c80000,0x0000000014d80000)]
  0x0000000010446800 JavaThread "J3D-GeometryStructureUpdateThread-1" [_thread_blocked, id=2428, stack(0x0000000014b80000,0x0000000014c80000)]
  0x0000000010445800 JavaThread "J3D-BehaviorStructureUpdateThread-1" [_thread_blocked, id=2620, stack(0x000000000d200000,0x000000000d300000)]
  0x0000000010445000 JavaThread "Thread-7" daemon [_thread_in_native, id=3756, stack(0x00000000165c0000,0x00000000166c0000)]
  0x0000000010444000 JavaThread "J3D-Renderer-1" [_thread_in_vm, id=296, stack(0x0000000012690000,0x0000000012790000)]
  0x0000000010443800 JavaThread "J3D-MasterControl-1" [_thread_blocked, id=3556, stack(0x00000000115c0000,0x00000000116c0000)]
  0x0000000010442800 JavaThread "J3D-NotificationThread" [_thread_blocked, id=2344, stack(0x000000000d570000,0x000000000d670000)]
  0x0000000010442000 JavaThread "J3D-TimerThread" [_thread_blocked, id=3612, stack(0x000000000d470000,0x000000000d570000)]
  0x0000000010441000 JavaThread "J3D-RenderingAttributesStructureUpdateThread" [_thread_blocked, id=1072, stack(0x000000000e050000,0x000000000e150000)]
  0x00000000084a7800 JavaThread "Swing-Shell" daemon [_thread_blocked, id=3788, stack(0x000000000e150000,0x000000000e250000)]
  0x00000000084c4800 JavaThread "D3D Screen Updater" daemon [_thread_blocked, id=3668, stack(0x000000000c320000,0x000000000c420000)]
  0x00000000081eb000 JavaThread "MySQL Statement Cancellation Timer" daemon [_thread_blocked, id=852, stack(0x000000000c220000,0x000000000c320000)]
  0x0000000008416800 JavaThread "TimerQueue" daemon [_thread_blocked, id=324, stack(0x000000000c120000,0x000000000c220000)]
  0x000000000055e000 JavaThread "DestroyJavaVM" [_thread_blocked, id=3396, stack(0x0000000002420000,0x0000000002520000)]
  0x00000000083fb000 JavaThread "AWT-Windows" daemon [_thread_in_native, id=3700, stack(0x0000000008f40000,0x0000000009040000)]
  0x00000000083fa800 JavaThread "AWT-Shutdown" [_thread_blocked, id=716, stack(0x0000000008e40000,0x0000000008f40000)]
  0x0000000008040800 JavaThread "Java2D Disposer" daemon [_thread_blocked, id=2688, stack(0x0000000008d40000,0x0000000008e40000)]
  0x00000000076c4800 JavaThread "Low Memory Detector" daemon [_thread_blocked, id=1632, stack(0x0000000007c60000,0x0000000007d60000)]
  0x00000000076c4000 JavaThread "CompilerThread1" daemon [_thread_blocked, id=3480, stack(0x0000000007b60000,0x0000000007c60000)]
  0x00000000076bf000 JavaThread "CompilerThread0" daemon [_thread_blocked, id=3840, stack(0x0000000007a60000,0x0000000007b60000)]
  0x00000000076bb800 JavaThread "Attach Listener" daemon [_thread_blocked, id=3180, stack(0x0000000007960000,0x0000000007a60000)]
  0x00000000076b6800 JavaThread "Signal Dispatcher" daemon [_thread_blocked, id=1872, stack(0x0000000007860000,0x0000000007960000)]
  0x000000000052d800 JavaThread "Finalizer" daemon [_thread_blocked, id=764, stack(0x0000000007560000,0x0000000007660000)]
  0x000000000052c000 JavaThread "Reference Handler" daemon [_thread_blocked, id=1736, stack(0x0000000007460000,0x0000000007560000)]

Other Threads:
  0x0000000000526000 VMThread [stack: 0x0000000007360000,0x0000000007460000] [id=2100]
  0x00000000076df800 WatcherThread [stack: 0x0000000007d60000,0x0000000007e60000] [id=2816]

VM state:not at safepoint (normal execution)

VM Mutex/Monitor currently owned by a thread: None

Heap
 PSYoungGen      total 856064K, used 78153K [0x0000000780000000, 0x00000007b5bd0000, 0x0000000800000000)
  eden space 833792K, 8% used [0x0000000780000000,0x000000078455a428,0x00000007b2e40000)
  from space 22272K, 32% used [0x00000007b2e40000,0x00000007b35383a8,0x00000007b4400000)
  to   space 21888K, 0% used [0x00000007b4670000,0x00000007b4670000,0x00000007b5bd0000)
 PSOldGen        total 304704K, used 202053K [0x0000000680000000, 0x0000000692990000, 0x0000000780000000)
  object space 304704K, 66% used [0x0000000680000000,0x000000068c551500,0x0000000692990000)
 PSPermGen       total 64576K, used 29919K [0x000000067ae00000, 0x000000067ed10000, 0x0000000680000000)
  object space 64576K, 46% used [0x000000067ae00000,0x000000067cb37ce0,0x000000067ed10000)

Dynamic libraries:
0x0000000000400000 - 0x000000000042e000 	C:\Program Files\Java\jdk1.6.0_24\bin\java.exe
0x0000000076fc0000 - 0x0000000077169000 	C:\Windows\SYSTEM32\ntdll.dll
0x0000000076ea0000 - 0x0000000076fbf000 	C:\Windows\system32\kernel32.dll
0x000007fefd610000 - 0x000007fefd67c000 	C:\Windows\system32\KERNELBASE.dll
0x000007fefdf10000 - 0x000007fefdfeb000 	C:\Windows\system32\ADVAPI32.dll
0x000007fefdad0000 - 0x000007fefdb6f000 	C:\Windows\system32\msvcrt.dll
0x000007fefde50000 - 0x000007fefde6f000 	C:\Windows\SYSTEM32\sechost.dll
0x000007fefe210000 - 0x000007fefe33d000 	C:\Windows\system32\RPCRT4.dll
0x000000006d890000 - 0x000000006df94000 	C:\Program Files\Java\jdk1.6.0_24\jre\bin\server\jvm.dll
0x0000000076c50000 - 0x0000000076d4a000 	C:\Windows\system32\USER32.dll
0x000007fefe340000 - 0x000007fefe3a7000 	C:\Windows\system32\GDI32.dll
0x000007feff190000 - 0x000007feff19e000 	C:\Windows\system32\LPK.dll
0x000007fefd7f0000 - 0x000007fefd8b9000 	C:\Windows\system32\USP10.dll
0x000007fefa8c0000 - 0x000007fefa8fb000 	C:\Windows\system32\WINMM.dll
0x000007fefe3b0000 - 0x000007fefe3de000 	C:\Windows\system32\IMM32.DLL
0x000007fefd940000 - 0x000007fefda49000 	C:\Windows\system32\MSCTF.dll
0x000000006d800000 - 0x000000006d80e000 	C:\Program Files\Java\jdk1.6.0_24\jre\bin\verify.dll
0x000000006d450000 - 0x000000006d477000 	C:\Program Files\Java\jdk1.6.0_24\jre\bin\java.dll
0x000000006d3b0000 - 0x000000006d3ba000 	C:\Program Files\Java\jdk1.6.0_24\jre\bin\hpi.dll
0x0000000077190000 - 0x0000000077197000 	C:\Windows\system32\PSAPI.DLL
0x000000006d850000 - 0x000000006d862000 	C:\Program Files\Java\jdk1.6.0_24\jre\bin\zip.dll
0x000000006d0a0000 - 0x000000006d263000 	C:\Program Files\Java\jdk1.6.0_24\jre\bin\awt.dll
0x000007fef9860000 - 0x000007fef98d1000 	C:\Windows\system32\WINSPOOL.DRV
0x000007fefdff0000 - 0x000007fefe1f3000 	C:\Windows\system32\ole32.dll
0x000007fefe3e0000 - 0x000007feff168000 	C:\Windows\system32\SHELL32.dll
0x000007fefda50000 - 0x000007fefdac1000 	C:\Windows\system32\SHLWAPI.dll
0x000007fefbea0000 - 0x000007fefc094000 	C:\Windows\WinSxS\amd64_microsoft.windows.common-controls_6595b64144ccf1df_6.0.7601.17514_none_fa396087175ac9ac\COMCTL32.dll
0x000007fefb640000 - 0x000007fefb658000 	C:\Windows\system32\DWMAPI.DLL
0x000007fefbad0000 - 0x000007fefbb26000 	C:\Windows\system32\uxtheme.dll
0x000007fefd350000 - 0x000007fefd35f000 	C:\Windows\system32\CRYPTBASE.dll
0x000000006d340000 - 0x000000006d3a6000 	C:\Program Files\Java\jdk1.6.0_24\jre\bin\fontmanager.dll
0x000007fef2520000 - 0x000007fef271f000 	C:\Windows\system32\d3d9.dll
0x000007fefc560000 - 0x000007fefc56c000 	C:\Windows\system32\VERSION.dll
0x000007fef9ec0000 - 0x000007fef9ec7000 	C:\Windows\system32\d3d8thk.dll
0x000007feee310000 - 0x000007feeef63000 	C:\Windows\system32\nvd3dumx.dll
0x000007fefbd10000 - 0x000007fefbd3c000 	C:\Windows\system32\powrprof.dll
0x000007fefdc10000 - 0x000007fefdde7000 	C:\Windows\system32\SETUPAPI.dll
0x000007fefd5d0000 - 0x000007fefd606000 	C:\Windows\system32\CFGMGR32.dll
0x000007feff1a0000 - 0x000007feff277000 	C:\Windows\system32\OLEAUT32.dll
0x000007fefd5b0000 - 0x000007fefd5ca000 	C:\Windows\system32\DEVOBJ.dll
0x000000006d6a0000 - 0x000000006d6b7000 	C:\Program Files\Java\jdk1.6.0_24\jre\bin\net.dll
0x000007feff280000 - 0x000007feff2cd000 	C:\Windows\system32\WS2_32.dll
0x000007fefe200000 - 0x000007fefe208000 	C:\Windows\system32\NSI.dll
0x000007fefcc50000 - 0x000007fefcca5000 	C:\Windows\system32\mswsock.dll
0x000007fefcc40000 - 0x000007fefcc47000 	C:\Windows\System32\wship6.dll
0x000000006d6c0000 - 0x000000006d6cb000 	C:\Program Files\Java\jdk1.6.0_24\jre\bin\nio.dll
0x000007fefc630000 - 0x000007fefc637000 	C:\Windows\System32\wshtcpip.dll
0x000007fefcad0000 - 0x000007fefcb2b000 	C:\Windows\system32\DNSAPI.dll
0x000007fefa770000 - 0x000007fefa797000 	C:\Windows\system32\IPHLPAPI.DLL
0x000007fefa750000 - 0x000007fefa75b000 	C:\Windows\system32\WINNSI.DLL
0x000007fef92c0000 - 0x000007fef92c8000 	C:\Windows\system32\rasadhlp.dll
0x000007fefa5d0000 - 0x000007fefa623000 	C:\Windows\System32\fwpuclnt.dll
0x000000006d2b0000 - 0x000000006d2d8000 	C:\Program Files\Java\jdk1.6.0_24\jre\bin\dcpr.dll
0x000007fefde70000 - 0x000007fefdf09000 	C:\Windows\system32\CLBCatQ.DLL
0x000007fefbb90000 - 0x000007fefbcbc000 	C:\Windows\system32\propsys.dll
0x000007fefc350000 - 0x000007fefc37d000 	C:\Windows\system32\ntmarta.dll
0x000007fefddf0000 - 0x000007fefde42000 	C:\Windows\system32\WLDAP32.dll
0x000007fefd2f0000 - 0x000007fefd347000 	C:\Windows\system32\apphelp.dll
0x000007fef59b0000 - 0x000007fef5b4c000 	C:\Windows\system32\NetworkExplorer.dll
0x000007fef6900000 - 0x000007fef6934000 	C:\Windows\System32\shdocvw.dll
0x000007fefd420000 - 0x000007fefd42f000 	C:\Windows\system32\profapi.dll
0x000007fefac30000 - 0x000007fefac3b000 	C:\Windows\system32\slc.dll
0x000007fef81b0000 - 0x000007fef81c8000 	C:\Windows\system32\MPR.dll
0x000007fef5cd0000 - 0x000007fef5cda000 	C:\Windows\System32\drprov.dll
0x000007fefce00000 - 0x000007fefce3d000 	C:\Windows\System32\WINSTA.dll
0x000007fef13e0000 - 0x000007fef1402000 	C:\Windows\System32\ntlanman.dll
0x000007fef39e0000 - 0x000007fef39fc000 	C:\Windows\System32\davclnt.dll
0x000007fef3a40000 - 0x000007fef3a4a000 	C:\Windows\System32\DAVHLPR.dll
0x000007fefa340000 - 0x000007fefa355000 	C:\Windows\system32\wkscli.dll
0x000007fef6a90000 - 0x000007fef6a9f000 	C:\Windows\system32\cscapi.dll
0x000007fefa360000 - 0x000007fefa36c000 	C:\Windows\system32\netutils.dll
0x000007fef1160000 - 0x000007fef13d1000 	C:\Windows\system32\wpdshext.dll
0x000007fefb8b0000 - 0x000007fefbac5000 	C:\Windows\WinSxS\amd64_microsoft.windows.gdiplus_6595b64144ccf1df_1.1.7601.17514_none_2b24536c71ed437a\gdiplus.dll
0x000007fef6fe0000 - 0x000007fef709d000 	C:\Windows\system32\PortableDeviceApi.dll
0x000007fefd4d0000 - 0x000007fefd50a000 	C:\Windows\system32\WINTRUST.dll
0x000007fefd680000 - 0x000007fefd7e7000 	C:\Windows\system32\CRYPT32.dll
0x000007fefd4c0000 - 0x000007fefd4cf000 	C:\Windows\system32\MSASN1.dll
0x000007fef6b30000 - 0x000007fef6b65000 	C:\Windows\system32\EhStorShell.dll
0x000007fef9d50000 - 0x000007fef9d77000 	C:\Windows\system32\EhStorAPI.dll
0x000007fef7560000 - 0x000007fef7637000 	C:\Windows\system32\SearchFolder.dll
0x000007fef68f0000 - 0x000007fef68fc000 	C:\Windows\system32\LINKINFO.dll
0x000000006d490000 - 0x000000006d497000 	C:\Program Files\Java\jdk1.6.0_24\jre\bin\jawt.dll
0x000000000be50000 - 0x000000000be8e000 	C:\Users\fovea\Desktop\Abdelheq\VRMinerVisualAssistant\j3dcore-ogl.dll
0x000007fef1040000 - 0x000007fef115d000 	C:\Windows\system32\OPENGL32.dll
0x000007fef5ca0000 - 0x000007fef5ccd000 	C:\Windows\system32\GLU32.dll
0x000007fef1930000 - 0x000007fef1a21000 	C:\Windows\system32\DDRAW.dll
0x000007fef9eb0000 - 0x000007fef9eb8000 	C:\Windows\system32\DCIMAN32.dll
0x0000000069500000 - 0x000000006a8b4000 	C:\Windows\system32\nvoglv64.DLL
0x000007fefccb0000 - 0x000007fefccc7000 	C:\Windows\system32\CRYPTSP.dll
0x000007fefc9b0000 - 0x000007fefc9f7000 	C:\Windows\system32\rsaenh.dll
0x000007fefc770000 - 0x000007fefc78e000 	C:\Windows\system32\USERENV.dll
0x000007fefbd70000 - 0x000007fefbd85000 	C:\Windows\system32\NLAapi.dll
0x000007fef5990000 - 0x000007fef59a5000 	C:\Windows\system32\napinsp.dll
0x000007fef5970000 - 0x000007fef5989000 	C:\Windows\system32\pnrpnsp.dll
0x000007fef5960000 - 0x000007fef5970000 	C:\Windows\system32\wshbth.dll
0x000007fef5950000 - 0x000007fef595b000 	C:\Windows\System32\winrnr.dll
0x0000000180000000 - 0x0000000180016000 	C:\Users\fovea\Desktop\Abdelheq\VRMinerVisualAssistant\jinput-dx8_64.dll
0x000007fef24e0000 - 0x000007fef251c000 	C:\Windows\system32\DINPUT8.dll
0x000007fefb660000 - 0x000007fefb66b000 	C:\Windows\system32\HID.DLL
0x000000000c420000 - 0x000000000c434000 	C:\Users\fovea\Desktop\Abdelheq\VRMinerVisualAssistant\jinput-raw_64.dll
0x000000006d570000 - 0x000000006d5a5000 	C:\Program Files\Java\jdk1.6.0_24\jre\bin\jpeg.dll

VM Arguments:
jvm_args: -Dfile.encoding=windows-1252 -Xmx6144m 
java_command: VisualAssistantFDM.ui.MainInterface
Launcher Type: SUN_STANDARD

Environment Variables:
PATH=C:\Windows\system32;C:\Windows;C:\Windows\System32\Wbem;C:\Windows\System32\WindowsPowerShell\v1.0\;C:\OpenCV2.1\bin;C:\Program Files (x86)\Microsoft SQL Server\90\Tools\binn\
USERNAME=fovea
OS=Windows_NT
PROCESSOR_IDENTIFIER=Intel64 Family 6 Model 23 Stepping 10, GenuineIntel



---------------  S Y S T E M  ---------------

OS: Windows 7 Build 7601 Service Pack 1

CPU:total 4 (4 cores per cpu, 1 threads per core) family 6 model 23 stepping 10, cmov, cx8, fxsr, mmx, sse, sse2, sse3, ssse3, sse4.1

Memory: 4k page, physical 8386200k(4624364k free), swap 16770552k(12494312k free)

vm_info: Java HotSpot(TM) 64-Bit Server VM (19.1-b02) for windows-amd64 JRE (1.6.0_24-b07), built on Feb  2 2011 16:25:45 by "java_re" with MS VC++ 8.0 (VS2005)

time: Wed Sep 21 11:28:38 2011
elapsed time: 6860 seconds

